[LOGGER STARTED]

SOYUZ:[NOTANERROR] patching Hediff:Void Tick() is not possible! Patch attempt skipped

SOYUZ:[NOTANERROR] patching Hediff:Void Tick() is not possible! Patch attempt skipped

SOYUZ:[NOTANERROR] patching Hediff:Void Tick() is not possible! Patch attempt skipped

SOYUZ:[NOTANERROR] patching Hediff:Void Tick() is not possible! Patch attempt skipped

SOYUZ:[NOTANERROR] patching Hediff:Void Tick() is not possible! Patch attempt skipped

SOYUZ:[NOTANERROR] patching Hediff:Void Tick() is not possible! Patch attempt skipped

SOYUZ:[NOTANERROR] patching Hediff_Level:Void Tick() is not possible! Patch attempt skipped

SOYUZ:[NOTANERROR] patching Hediff:Void Tick() is not possible! Patch attempt skipped

SOYUZ:[NOTANERROR] patching Hediff:Void Tick() is not possible! Patch attempt skipped

SOYUZ:[NOTANERROR] patching HediffComp:Void CompPostTick(Single ByRef) is not possible! Patch attempt skipped

SOYUZ:[NOTANERROR] patching HediffComp:Void CompPostTick(Single ByRef) is not possible! Patch attempt skipped

SOYUZ:[NOTANERROR] patching HediffComp:Void CompPostTick(Single ByRef) is not possible! Patch attempt skipped

SOYUZ:[NOTANERROR] patching HediffComp:Void CompPostTick(Single ByRef) is not possible! Patch attempt skipped

SOYUZ:[NOTANERROR] patching HediffComp:Void CompPostTick(Single ByRef) is not possible! Patch attempt skipped

SOYUZ:[NOTANERROR] patching HediffComp:Void CompPostTick(Single ByRef) is not possible! Patch attempt skipped

SOYUZ:[NOTANERROR] patching HediffComp:Void CompPostTick(Single ByRef) is not possible! Patch attempt skipped

SOYUZ:[NOTANERROR] patching HediffComp:Void CompPostTick(Single ByRef) is not possible! Patch attempt skipped

SOYUZ:[NOTANERROR] patching HediffComp:Void CompPostTick(Single ByRef) is not possible! Patch attempt skipped

SOYUZ:[NOTANERROR] patching HediffComp:Void CompPostTick(Single ByRef) is not possible! Patch attempt skipped

SOYUZ:[NOTANERROR] patching HediffComp:Void CompPostTick(Single ByRef) is not possible! Patch attempt skipped

SOYUZ:[NOTANERROR] patching HediffComp:Void CompPostTick(Single ByRef) is not possible! Patch attempt skipped

SOYUZ:[NOTANERROR] patching HediffComp_SeverityPerDay:Void CompPostTick(Single ByRef) is not possible! Patch attempt skipped

SOYUZ:[NOTANERROR] patching HediffComp:Void CompPostTick(Single ByRef) is not possible! Patch attempt skipped

SOYUZ:[NOTANERROR] patching HediffComp:Void CompPostTick(Single ByRef) is not possible! Patch attempt skipped

SOYUZ:[NOTANERROR] patching HediffComp:Void CompPostTick(Single ByRef) is not possible! Patch attempt skipped

SOYUZ:[NOTANERROR] patching HediffComp:Void CompPostTick(Single ByRef) is not possible! Patch attempt skipped

ROCKETMAN:[NOTANERROR] patching ThingWithComps:Void Notify_Equipped(Verse.Pawn) is not possible! Patch attempt skipped

ROCKETMAN:[NOTANERROR] patching ThingWithComps:Void Notify_UsedWeapon(Verse.Pawn) is not possible! Patch attempt skipped
