[LOGGER STARTED]

ROCKET_CORE:[NOTANERROR] patching Game:Void FinalizeInit() finished!

ROCKET_CORE:[NOTANERROR] patching Game:Void DeinitAndRemoveMap(Verse.Map) finished!

ROCKET_CORE:[NOTANERROR] patching Game:Void UpdatePlay() finished!

ROCKET_CORE:[NOTANERROR] patching Map:Void FinalizeInit() finished!

ROCKET_CORE:[NOTANERROR] patching Map:Void ConstructComponents() finished!

ROCKET_CORE:[NOTANERROR] patching TickManager:Void DoSingleTick() finished!

ROCKETMAN: Found assembly with name of <color=red>XmlDiffPatch</color> and file name of <color=red>XmlDiffPatch.dll</color>

ROCKETMAN: Loaded assembly XmlDiffPatch, Version=1.0.8.28, Culture=neutral, PublicKeyToken=b03f5f7f11d50a3a and symbols state is False

ROCKETMAN: Assembly is currently [valid=True] and Named XmlDiffPatch, Version=1.0.8.28, Culture=neutral, PublicKeyToken=b03f5f7f11d50a3a

ROCKETMAN: Found assembly with name of <color=red>XmlDiffPatch.View</color> and file name of <color=red>XmlDiffPatch.View.dll</color>

ROCKETMAN: Loaded assembly XmlDiffPatch.View, Version=1.0.1493.40755, Culture=neutral, PublicKeyToken=null and symbols state is False

ROCKETMAN: Assembly is currently [valid=True] and Named XmlDiffPatch.View, Version=1.0.1493.40755, Culture=neutral, PublicKeyToken=null

ROCKETMAN: Found assembly with name of <color=red>Proton</color> and file name of <color=red>Proton.dll</color>

ROCKETMAN: Loaded assembly Proton, Version=1.0.0.0, Culture=neutral, PublicKeyToken=null and symbols state is False

ROCKETMAN: Assembly is currently [valid=True] and Named Proton, Version=1.0.0.0, Culture=neutral, PublicKeyToken=null

ROCKETMAN: Found assembly with name of <color=red>Soyuz</color> and file name of <color=red>Soyuz.dll</color>

ROCKETMAN: Loaded assembly Soyuz, Version=1.0.0.0, Culture=neutral, PublicKeyToken=null and symbols state is False

ROCKETMAN: Assembly is currently [valid=True] and Named Soyuz, Version=1.0.0.0, Culture=neutral, PublicKeyToken=null

ROCKETMAN: Found action with attribute OnDefsLoaded, KeyBinder:Start

ROCKETMAN: Found action with attribute OnDefsLoaded, RocketMod:UpdateExceptions

ROCKETMAN: Found action with attribute OnDefsLoaded, Analyzer_H_AlertsReadoutUpdate_Patch:Patch

ROCKETMAN: Found action with attribute OnDefsLoaded, ProtonPatcher:PatchAll

ROCKETMAN: Found action with attribute OnDefsLoaded, SoyuzPatcher:PatchAll

ROCKETMAN: Found action with attribute OnWorldLoaded, SoyuzSettingsUtility:SetRecommendedJobConfig

ROCKETMAN: Found action with attribute OnTickRare, RocketMod:UpdateExceptions

ROCKETMAN: Found action with attribute OnTickRare, WorldReachability_CanReach_Patch:FlushMessages

ROCKETMAN: Found action with attribute OnTickLonger, GUIUtility:Cleanup

ROCKETMAN: Found function with attribute YieldTabContent, TabContent_Alerts:YieldTab

ROCKETMAN: Found function with attribute YieldTabContent, TabContent_DilationSettings:YieldTab

ROCKETMAN: Found function with attribute YieldTabContent, TabContent_Grapher:YieldTab

ROCKETMAN: Found function with attribute YieldTabContent, TabContent_WorldPawns:YieldTab

ROCKETMAN: Found action with attribute OnScribe, StatSettingsUtility:OnScribe

ROCKETMAN: Found action with attribute OnScribe, ProtonSettingsUtility:OnScribe

ROCKETMAN: Found action with attribute OnScribe, SoyuzSettingsUtility:OnScribe

ROCKETMAN: Found action with attribute OnSettingsScribedLoaded, StatSettingsUtility:OnSettingsScribedLoaded

ROCKETMAN: Found action with attribute OnSettingsScribedLoaded, SoyuzSettingsUtility:OnSettingsScribedLoaded

ROCKETMAN: Found action with attribute OnInitialization, AlertsReadout_Constructor_Patch:Patch

ROCKETMAN: Found action with attribute OnInitialization, ProtonPatcher:Intialize

ROCKETMAN: Found action with attribute OnInitialization, ContextualExtensions:Initialize

ROCKETMAN: Found action with attribute OnInitialization, SoyuzPatcher:Intialize

PROTON:[NOTANERROR] patching AlertsReadout:Void AlertsReadoutOnGUI() finished!

PROTON:[NOTANERROR] patching AlertsReadout:Void AlertsReadoutUpdate() finished!

PROTON:[NOTANERROR] patching Alert_MajorOrExtremeBreakRisk:Void .ctor() finished!

PROTON:[NOTANERROR] patching Alert_Hypothermia:Void .ctor() finished!

PROTON:[NOTANERROR] patching Alert_ColonistNeedsRescuing:Void .ctor() finished!

PROTON:[NOTANERROR] patching Alert_LifeThreateningHediff:Void .ctor() finished!

PROTON:[NOTANERROR] patching Alert_FireInHomeArea:Void .ctor() finished!

PROTON:[NOTANERROR] patching Alert_ImmobileCaravan:Void .ctor() finished!

PROTON:[NOTANERROR] patching Alert_DisallowedBuildingInsideMonument:Void .ctor() finished!

PROTON:[NOTANERROR] patching Alert_RitualObligation:Void .ctor() finished!

PROTON:[NOTANERROR] patching Alert_RitualObligationMulti:Void .ctor() finished!

PROTON:[NOTANERROR] patching Alert_IdeoBuildingMissing:Void .ctor() finished!

PROTON:[NOTANERROR] patching Alert_IdeoBuildingDisrespected:Void .ctor() finished!

PROTON:[NOTANERROR] patching Alert_DormanyWakeUpDelay:Void .ctor() finished!

PROTON:[NOTANERROR] patching Alert_InfestationDelay:Void .ctor() finished!

PROTON:[NOTANERROR] patching Alert_CasketOpening:Void .ctor() finished!

PROTON:[NOTANERROR] patching Alert_FuelNodeIgnition:Void .ctor() finished!

PROTON:[NOTANERROR] patching Alert_HypothermicAnimals:Void .ctor() finished!

PROTON:[NOTANERROR] patching Alert_MinorBreakRisk:Void .ctor() finished!

PROTON:[NOTANERROR] patching Alert_BestowerWaiting:Void .ctor() finished!

PROTON:[NOTANERROR] patching Alert_NeedDefenses:Void .ctor() finished!

PROTON:[NOTANERROR] patching Alert_QuestExpiresSoon:Void .ctor() finished!

PROTON:[NOTANERROR] patching Alert_NeedDoctor:Void .ctor() finished!

PROTON:[NOTANERROR] patching Alert_NeedMiner:Void .ctor() finished!

PROTON:[NOTANERROR] patching Alert_NeedWarden:Void .ctor() finished!

PROTON:[NOTANERROR] patching Alert_LowFood:Void .ctor() finished!

PROTON:[NOTANERROR] patching Alert_LowMedicine:Void .ctor() finished!

PROTON:[NOTANERROR] patching Alert_NeedWarmClothes:Void .ctor() finished!

PROTON:[NOTANERROR] patching Alert_NeedColonistBeds:Void .ctor() finished!

PROTON:[NOTANERROR] patching Alert_NeedSlaveBeds:Void .ctor() finished!

PROTON:[NOTANERROR] patching Alert_ColonistLeftUnburied:Void .ctor() finished!

PROTON:[NOTANERROR] patching Alert_HunterLacksRangedWeapon:Void .ctor() finished!

PROTON:[NOTANERROR] patching Alert_ColonistNeedsTend:Void .ctor() finished!

PROTON:[NOTANERROR] patching Alert_StarvationColonists:Void .ctor() finished!

PROTON:[NOTANERROR] patching Alert_Exhaustion:Void .ctor() finished!

PROTON:[NOTANERROR] patching Alert_Heatstroke:Void .ctor() finished!

PROTON:[NOTANERROR] patching Alert_PasteDispenserNeedsHopper:Void .ctor() finished!

PROTON:[NOTANERROR] patching Alert_ActivatorCountdown:Void .ctor() finished!

PROTON:[NOTANERROR] patching Alert_SlavesUnsuppressed:Void .ctor() finished!

PROTON:[NOTANERROR] patching Alert_SlavesUnattended:Void .ctor() finished!

PROTON:[NOTANERROR] patching Alert_ColonistsIdle:Void .ctor() finished!

PROTON:[NOTANERROR] patching Alert_TimedMakeFactionHostile:Void .ctor() finished!

PROTON:[NOTANERROR] patching Alert_CaravanIdle:Void .ctor() finished!

PROTON:[NOTANERROR] patching Alert_RoyalNoThroneAssigned:Void .ctor() finished!

PROTON:[NOTANERROR] patching Alert_UndignifiedThroneroom:Void .ctor() finished!

PROTON:[NOTANERROR] patching Alert_UndignifiedBedroom:Void .ctor() finished!

PROTON:[NOTANERROR] patching Alert_TitleRequiresBedroom:Void .ctor() finished!

PROTON:[NOTANERROR] patching Alert_RoyalNoAcceptableFood:Void .ctor() finished!

PROTON:[NOTANERROR] patching Alert_ThroneroomInvalidConfiguration:Void .ctor() finished!

PROTON:[NOTANERROR] patching Alert_NeedMealSource:Void .ctor() finished!

PROTON:[NOTANERROR] patching Alert_NeedJoySources:Void .ctor() finished!

PROTON:[NOTANERROR] patching Alert_Boredom:Void .ctor() finished!

PROTON:[NOTANERROR] patching Alert_NeedBatteries:Void .ctor() finished!

PROTON:[NOTANERROR] patching Alert_NeedResearchProject:Void .ctor() finished!

PROTON:[NOTANERROR] patching Alert_AwaitingMedicalOperation:Void .ctor() finished!

PROTON:[NOTANERROR] patching Alert_BrawlerHasRangedWeapon:Void .ctor() finished!

PROTON:[NOTANERROR] patching Alert_ShieldUserHasRangedWeapon:Void .ctor() finished!

PROTON:[NOTANERROR] patching Alert_StarvationAnimals:Void .ctor() finished!

PROTON:[NOTANERROR] patching Alert_BilliardsTableOnWall:Void .ctor() finished!

PROTON:[NOTANERROR] patching Alert_CannotBeUsedRoofed:Void .ctor() finished!

PROTON:[NOTANERROR] patching Alert_HunterHasShieldAndRangedWeapon:Void .ctor() finished!

PROTON:[NOTANERROR] patching Alert_MonumentMarkerMissingBlueprints:Void .ctor() finished!

PROTON:[NOTANERROR] patching Alert_ShuttleLandingBeaconUnusable:Void .ctor() finished!

PROTON:[NOTANERROR] patching Alert_NeedMeditationSpot:Void .ctor() finished!

PROTON:[NOTANERROR] patching Alert_UnusableMeditationFocus:Void .ctor() finished!

PROTON:[NOTANERROR] patching Alert_AnimalFilth:Void .ctor() finished!

PROTON:[NOTANERROR] patching Alert_AnimalPenNeeded:Void .ctor() finished!

PROTON:[NOTANERROR] patching Alert_AnimalPenNotEnclosed:Void .ctor() finished!

PROTON:[NOTANERROR] patching Alert_PredatorInPen:Void .ctor() finished!

PROTON:[NOTANERROR] patching Alert_AnimalRoaming:Void .ctor() finished!

PROTON:[NOTANERROR] patching Alert_PennedAnimalHungry:Void .ctor() finished!

PROTON:[NOTANERROR] patching Alert_HitchedAnimalHungryNoFood:Void .ctor() finished!

PROTON:[NOTANERROR] patching Alert_TimedRaidsArriving:Void .ctor() finished!

PROTON:[NOTANERROR] patching Alert_SlaveRebellionLikely:Void .ctor() finished!

PROTON:[NOTANERROR] patching Alert_RolesEmpty:Void .ctor() finished!

PROTON:[NOTANERROR] patching Alert_AnimaLinkingReady:Void .ctor() finished!

PROTON:[NOTANERROR] patching Alert_DateRitualComing:Void .ctor() finished!

PROTON:[NOTANERROR] patching Alert_AgeReversalDemandNear:Void .ctor() finished!

PROTON:[NOTANERROR] patching Alert_GauranlenTreeWithoutProductionMode:Void .ctor() finished!

PROTON:[NOTANERROR] patching Alert_ConnectedPawnNotAssignedToPlantCutting:Void .ctor() finished!

PROTON:[NOTANERROR] patching Alert_MinifiedTreeAboutToDie:Void .ctor() finished!

PROTON:[NOTANERROR] patching Alert_TatteredApparel:Void .ctor() finished!

PROTON:[NOTANERROR] patching Alert_UnhappyNudity:Void .ctor() finished!

PROTON:[NOTANERROR] patching Alert_PermitAvailable:Void .ctor() finished!

PROTON:[NOTANERROR] patching Alert_NoUrgentStorage:Void .ctor() finished!

PROTON:[NOTANERROR] patching Alert_StatsLearning:Void .ctor() finished!

SOYUZ:[NOTANERROR] patching CameraDriver:Void Update() finished!

SOYUZ:[NOTANERROR] patching Caravan_NeedsTracker:Void TrySatisfyJoyNeed(Verse.Pawn, RimWorld.Need_Joy) finished!

SOYUZ:[NOTANERROR] patching Gen:Boolean IsHashIntervalTick(Verse.Thing, Int32) finished!

SOYUZ:[NOTANERROR] patching Hediff:Single get_BleedRate() finished!

SOYUZ:[NOTANERROR] patching Hediff:Void Tick() finished!

SOYUZ:[NOTANERROR] patching Hediff_Pregnant:Void Tick() finished!

SOYUZ:[NOTANERROR] patching ImmunityRecord:Single ImmunityChangePerTick(Verse.Pawn, Boolean, Verse.Hediff) finished!

SOYUZ:[NOTANERROR] patching JobDriver:Void DriverTick() finished!

SOYUZ:[NOTANERROR] patching MentalState:Void MentalStateTick() finished!

SOYUZ:[NOTANERROR] patching MentalState:Void MentalStateTick() finished!

SOYUZ:[NOTANERROR] patching Need_Rest:Void TickResting(Single) finished!

SOYUZ:[NOTANERROR] patching Pawn_AgeTracker:Void AgeTick() finished!

SOYUZ:[NOTANERROR] patching Pawn_CallTracker:Void CallTrackerTick() finished!

SOYUZ:[NOTANERROR] patching Pawn_HealthTracker:Void HealthTick() finished!

SOYUZ:[NOTANERROR] patching Pawn_JobTracker:Void JobTrackerTick() finished!

SOYUZ:[NOTANERROR] patching Pawn_MindState:Void MindStateTick() finished!

SOYUZ:[NOTANERROR] patching Pawn_NeedsTracker:Void NeedsTrackerTick() finished!

SOYUZ:[NOTANERROR] patching Pawn:Void Tick() finished!

SOYUZ:[NOTANERROR] patching Pawn_PsychicEntropyTracker:Void PsychicEntropyTrackerTick() finished!

SOYUZ:[NOTANERROR] patching Pawn_RecordsTracker:Void RecordsTick() finished!

SOYUZ:[NOTANERROR] patching Pawn_SkillTracker:Void SkillsTick() finished!

SOYUZ:[NOTANERROR] patching Sustainer:Void SustainerUpdate() finished!

SOYUZ:[NOTANERROR] patching Hediff:Void Tick() finished!

SOYUZ:[NOTANERROR] patching Hediff_Alcohol:Void Tick() finished!

SOYUZ:[NOTANERROR] patching Hediff_Injury:Void Tick() finished!

SOYUZ:[NOTANERROR] patching Hediff_Level:Void Tick() finished!

SOYUZ:[NOTANERROR] patching Hediff_MissingPart:Void Tick() finished!

SOYUZ:[NOTANERROR] patching Hediff_Pregnant:Void Tick() finished!

SOYUZ:[NOTANERROR] patching Hediff_HeartAttack:Void Tick() finished!

SOYUZ:[NOTANERROR] patching HediffComp_CauseMentalState:Void CompPostTick(Single ByRef) finished!

SOYUZ:[NOTANERROR] patching HediffComp_ChanceToRemove:Void CompPostTick(Single ByRef) finished!

SOYUZ:[NOTANERROR] patching HediffComp_ChangeImplantLevel:Void CompPostTick(Single ByRef) finished!

SOYUZ:[NOTANERROR] patching HediffComp_ChangeNeed:Void CompPostTick(Single ByRef) finished!

SOYUZ:[NOTANERROR] patching HediffComp_DamageBrain:Void CompPostTick(Single ByRef) finished!

SOYUZ:[NOTANERROR] patching HediffComp_Disappears:Void CompPostTick(Single ByRef) finished!

SOYUZ:[NOTANERROR] patching HediffComp_Discoverable:Void CompPostTick(Single ByRef) finished!

SOYUZ:[NOTANERROR] patching HediffComp_Disorientation:Void CompPostTick(Single ByRef) finished!

SOYUZ:[NOTANERROR] patching HediffComp_GiveHediffsInRange:Void CompPostTick(Single ByRef) finished!

SOYUZ:[NOTANERROR] patching HediffComp_GiveNeurocharge:Void CompPostTick(Single ByRef) finished!

SOYUZ:[NOTANERROR] patching HediffComp_GrowthMode:Void CompPostTick(Single ByRef) finished!

SOYUZ:[NOTANERROR] patching HediffComp_HealPermanentWounds:Void CompPostTick(Single ByRef) finished!

SOYUZ:[NOTANERROR] patching HediffComp_Infecter:Void CompPostTick(Single ByRef) finished!

SOYUZ:[NOTANERROR] patching HediffComp_KillAfterDays:Void CompPostTick(Single ByRef) finished!

SOYUZ:[NOTANERROR] patching HediffComp_Link:Void CompPostTick(Single ByRef) finished!

SOYUZ:[NOTANERROR] patching HediffComp_MessageAfterTicks:Void CompPostTick(Single ByRef) finished!

SOYUZ:[NOTANERROR] patching HediffComp_SelfHeal:Void CompPostTick(Single ByRef) finished!

SOYUZ:[NOTANERROR] patching HediffComp_SeverityFromEntropy:Void CompPostTick(Single ByRef) finished!

SOYUZ:[NOTANERROR] patching HediffComp_SkillDecay:Void CompPostTick(Single ByRef) finished!

SOYUZ:[NOTANERROR] patching HediffComp_TendDuration:Void CompPostTick(Single ByRef) finished!

SOYUZ:[NOTANERROR] patching HediffComp_VerbGiver:Void CompPostTick(Single ByRef) finished!

SOYUZ:[NOTANERROR] patching HediffComp_SeverityPerDay:Void CompPostTick(Single ByRef) finished!

SOYUZ:[NOTANERROR] patching HediffComp_PsychicHarmonizer:Void CompPostTick(Single ByRef) finished!

SOYUZ:[NOTANERROR] patching HediffComp_ChanceToRemove:Void CompPostTick(Single ByRef) finished!

SOYUZ:[NOTANERROR] patching HediffComp_ChangeNeed:Void CompPostTick(Single ByRef) finished!

SOYUZ:[NOTANERROR] patching HediffComp_Disappears:Void CompPostTick(Single ByRef) finished!

SOYUZ:[NOTANERROR] patching HediffComp_Discoverable:Void CompPostTick(Single ByRef) finished!

SOYUZ:[NOTANERROR] patching HediffComp_HealPermanentWounds:Void CompPostTick(Single ByRef) finished!

SOYUZ:[NOTANERROR] patching HediffComp_Infecter:Void CompPostTick(Single ByRef) finished!

SOYUZ:[NOTANERROR] patching HediffComp_SelfHeal:Void CompPostTick(Single ByRef) finished!

SOYUZ:[NOTANERROR] patching HediffComp_TendDuration:Void CompPostTick(Single ByRef) finished!

SOYUZ:[NOTANERROR] patching HediffComp_KillAfterDays:Void CompPostTick(Single ByRef) finished!

SOYUZ:[NOTANERROR] patching Pawn_PathFollower:Void PatherTick() finished!

SOYUZ:[NOTANERROR] patching Pawn_PathFollower:Single CostToPayThisTick() finished!

SOYUZ:[NOTANERROR] patching SkillRecord:Void Learn(Single, Boolean) finished!

SOYUZ:[NOTANERROR] patching WorldPawns:Void ExposeData() finished!

SOYUZ:[NOTANERROR] patching WorldPawns:Void DoMothballProcessing() finished!

SOYUZ:[NOTANERROR] patching WorldPawns:Void AddPawn(Verse.Pawn) finished!

SOYUZ:[NOTANERROR] patching WorldPawns:Void Notify_PawnDestroyed(Verse.Pawn) finished!

SOYUZ:[NOTANERROR] patching WorldPawns:Void RemovePawn(Verse.Pawn) finished!

SOYUZ:[NOTANERROR] patching WorldPawns:Boolean ShouldAutoTendTo(Verse.Pawn) finished!

SOYUZ:[NOTANERROR] patching WorldPawns:Void WorldPawnsTick() finished!

ROCKETMAN:[NOTANERROR] patching DebugWindowsOpener:Void .ctor() finished!

ROCKETMAN:[NOTANERROR] patching MainMenuDrawer:Void DoMainMenuControls(UnityEngine.Rect, Boolean) finished!

ROCKETMAN:[NOTANERROR] patching RoomStatWorker_Beauty:Single GetScore(Verse.Room) finished!

ROCKETMAN:[NOTANERROR] patching RoomStatWorker_Cleanliness:Single GetScore(Verse.Room) finished!

ROCKETMAN:[NOTANERROR] patching RoomStatWorker_FromStatByCurve:Single GetScore(Verse.Room) finished!

ROCKETMAN:[NOTANERROR] patching RoomStatWorker_Impressiveness:Single GetScore(Verse.Room) finished!

ROCKETMAN:[NOTANERROR] patching RoomStatWorker_Space:Single GetScore(Verse.Room) finished!

ROCKETMAN:[NOTANERROR] patching RoomStatWorker_Wealth:Single GetScore(Verse.Room) finished!

ROCKETMAN:[NOTANERROR] patching Pawn_TimetableTracker:RimWorld.TimeAssignmentDef GetAssignment(Int32) finished!

ROCKETMAN:[NOTANERROR] patching TickManager:Void DoSingleTick() finished!

ROCKETMAN: Prepare failed for TickManager:TickRateMultiplier

ROCKETMAN: Prepare failed for TickManager:Notify_GeneratedPotentiallyHostileMap

ROCKETMAN: Prepare failed for TickManager:TickManagerUpdate

ROCKETMAN: Prepare failed for TimeSlower:SignalForceNormalSpeed

ROCKETMAN: Prepare failed for TimeSlower:SignalForceNormalSpeedShort

ROCKETMAN:[NOTANERROR] patching PlayLog:Void ReduceToCapacity() finished!

ROCKETMAN:[NOTANERROR] patching StatPart_ApparelStatOffset:Void TransformValue(RimWorld.StatRequest, Single ByRef) finished!

ROCKETMAN:[NOTANERROR] patching StatWorker:Single GetValue(RimWorld.StatRequest, Boolean) finished!

ROCKETMAN:[NOTANERROR] patching Text:UnityEngine.TextAnchor get_Anchor() finished!

ROCKETMAN:[NOTANERROR] patching Text:Void set_Anchor(UnityEngine.TextAnchor) finished!

ROCKETMAN:[NOTANERROR] patching Text:Boolean get_WordWrap() finished!

ROCKETMAN:[NOTANERROR] patching Text:Void set_WordWrap(Boolean) finished!

ROCKETMAN:[NOTANERROR] patching Text:Verse.GameFont get_Font() finished!

ROCKETMAN:[NOTANERROR] patching Text:Void set_Font(Verse.GameFont) finished!

ROCKETMAN:[NOTANERROR] patching Text:UnityEngine.GUIStyle get_CurFontStyle() finished!

ROCKETMAN:[NOTANERROR] patching Text:UnityEngine.GUIStyle get_CurTextAreaReadOnlyStyle() finished!

ROCKETMAN:[NOTANERROR] patching Text:UnityEngine.GUIStyle get_CurTextAreaStyle() finished!

ROCKETMAN:[NOTANERROR] patching Text:UnityEngine.GUIStyle get_CurTextFieldStyle() finished!

ROCKETMAN:[NOTANERROR] patching MapGenerator:Verse.Map GenerateMap(Verse.IntVec3, RimWorld.Planet.MapParent, Verse.MapGeneratorDef, System.Collections.Generic.IEnumerable`1[Verse.GenStepWithParams], System.Action`1[Verse.Map]) finished!

ROCKETMAN:[NOTANERROR] patching Pawn_ApparelTracker:Void Notify_ApparelAdded(RimWorld.Apparel) finished!

ROCKETMAN:[NOTANERROR] patching Pawn_ApparelTracker:Void Notify_ApparelRemoved(RimWorld.Apparel) finished!

ROCKETMAN:[NOTANERROR] patching Pawn_ApparelTracker:Void Notify_LostBodyPart() finished!

ROCKETMAN:[NOTANERROR] patching Pawn_ApparelTracker:Void Wear(RimWorld.Apparel, Boolean, Boolean) finished!

ROCKETMAN:[NOTANERROR] patching Pawn_ApparelTracker:Void Remove(RimWorld.Apparel) finished!

ROCKETMAN:[NOTANERROR] patching Pawn_EquipmentTracker:Void Notify_EquipmentAdded(Verse.ThingWithComps) finished!

ROCKETMAN:[NOTANERROR] patching Pawn_EquipmentTracker:Void Notify_EquipmentRemoved(Verse.ThingWithComps) finished!

ROCKETMAN:[NOTANERROR] patching Pawn:Void Destroy(Verse.DestroyMode) finished!

ROCKETMAN:[NOTANERROR] patching Pawn:Void Notify_Teleported(Boolean, Boolean) finished!

ROCKETMAN:[NOTANERROR] patching Pawn:Void Notify_BulletImpactNearby(RimWorld.BulletImpactData) finished!

ROCKETMAN:[NOTANERROR] patching Pawn_HealthTracker:Void Notify_HediffChanged(Verse.Hediff) finished!

ROCKETMAN:[NOTANERROR] patching Pawn_HealthTracker:Void Notify_UsedVerb(Verse.Verb, Verse.LocalTargetInfo) finished!

ROCKETMAN:[NOTANERROR] patching WorldReachability:Boolean CanReach(Int32, Int32) finished!
