[LOGGER STARTED]

Soyuz, Version=1.0.0.0, Culture=neutral, PublicKeyToken=null

Soyuz.Patches.CameraDriver_Patch
Soyuz.Patches.Caravan_NeedsTracker_TrySatisfyJoyNeed_Patch
Soyuz.Patches.Gen_IsHashIntervalTick_Patch
Soyuz.Patches.Hediff_BleedRate_Patch
Soyuz.Patches.Hediff_Tick_Patch
Soyuz.Patches.Hediff_Pregnant_Tick_Patch
Soyuz.Patches.ImmunityRecord_ImmunityChangePerTick_Patch
Soyuz.Patches.JobDriver_DriverTick_Patch
Soyuz.Patches.MentalBreaker_MentalStateTick_Patch
Soyuz.Patches.MentalState_MentalStateTick_Patch
Soyuz.Patches.Need_Rest_TickResting_Patch
Soyuz.Patches.Pawn_AgeTracker_AgeTick_Patch
Soyuz.Patches.Pawn_CallTracker_CallTrackerTick_Patch
Soyuz.Patches.Pawn_HealthTracker_Tick_Patch
Soyuz.Patches.Pawn_JobTracker_JobTrackerTick_Patch
Soyuz.Patches.Pawn_MindState_MindStateTick_Patch
Soyuz.Patches.Pawn_NeedsTracker_NeedTrackerTick_Patch
Soyuz.Patches.Pawn_Tick_Patch
Soyuz.Patches.Pawn_PsychicEntropyTracker_PsychicEntropyTrackerTick_Patch
Soyuz.Patches.Pawn_RecordsTracker_Patch
Soyuz.Patches.Pawn_SkillsTracker_SkillsTick_Patch
Soyuz.Patches.Sustainer_Update_Patch
Soyuz.Patches.HediffComp_Patch+HediffComp_GenHashInterval_Replacement
Soyuz.Patches.HediffComp_Patch+HediffComp_ChanceToRemove_Patch
Soyuz.Patches.HediffComp_Patch+HediffComp_ChangeNeed_Patch
Soyuz.Patches.HediffComp_Patch+HediffComp_Disappears_Patch
Soyuz.Patches.HediffComp_Patch+HediffComp_Discoverable_Patch
Soyuz.Patches.HediffComp_Patch+HediffComp_HealPermanentWounds_Patch
Soyuz.Patches.HediffComp_Patch+HediffComp_Infecter_Patch
Soyuz.Patches.HediffComp_Patch+HediffComp_SelfHeal_Patch
Soyuz.Patches.HediffComp_Patch+HediffComp_TendDuration_Patch
Soyuz.Patches.HediffComp_Patch+HediffComp_HediffComp_KillAfterDays_Patch
Soyuz.Patches.Pawn_PathFollower_Patch+Pawn_PathFollower_PatherTick
Soyuz.Patches.Pawn_PathFollower_Patch+Pawn_PathFollower_CostToPayThisTick_Patch
Soyuz.Patches.SkillRecord_Patch+Learn_Patch
Soyuz.Patches.WorldPawns_Patch+WorldPawns_ExposeData_Patch
Soyuz.Patches.WorldPawns_Patch+WorldPawns_DoMothballProcessing_Patch
Soyuz.Patches.WorldPawns_Patch+WorldPawns_AddPawn_Patch
Soyuz.Patches.WorldPawns_Patch+WorldPawns_Notify_PawnDestroyed_Patch
Soyuz.Patches.WorldPawns_Patch+WorldPawns_RemovePawn_Patch
Soyuz.Patches.WorldPawns_Patch+WorldPawns_ShouldAutoTendTo_Patch
Soyuz.Patches.WorldPawns_Patch+WorldPawns_WorldPawnsTick_Patch

