[LOGGER STARTED]

Cosmodrome, Version=0.6.3.2196, Culture=neutral, PublicKeyToken=null.core

RocketMan.Patches.Game_FinalizeInit_Patch
RocketMan.Patches.Game_DeinitAndRemoveMap_Patch
RocketMan.Patches.Game_UpdatePlay_Patch
RocketMan.Patches.Map_FinalizeInit_Patch
RocketMan.Patches.Map_ConstructComponents_Patch
RocketMan.Patches.TickManager_DoSingleTick_Patch


Cosmodrome, Version=0.6.3.2196, Culture=neutral, PublicKeyToken=null

RocketMan.DebugWindowsOpener_Patch
RocketMan.MainMenuDrawer_DoMainMenuControls_Patch
RocketMan.Patches.RoomStatWorker_Patch
RocketMan.Patches.Pawn_TimetableTracker_GetAssignment_Patch
RocketMan.Patches.TickManager_DoSingleTick_Context_Patch
RocketMan.Patches.TickManager_TickRateMultiplier_Patch
RocketMan.Patches.TickManager_Notify_GeneratedPotentiallyHostileMap_Patch
RocketMan.Patches.TickManager_TickManagerUpdate_Patch
RocketMan.Patches.TimeSlower_SignalForceNormalSpeed_Patch
RocketMan.Patches.TimeSlower_SignalForceNormalSpeedShort_Patch
RocketMan.Optimizations.PlayLog_ReduceToCapacity_Patch
RocketMan.Optimizations.StatPart_ApparelStatOffSet_Skipper_Patch
RocketMan.Optimizations.StatWorker_Patch
RocketMan.Text_Patch+Text_Anchor_Getter_Patch
RocketMan.Text_Patch+Text_Anchor_Setter_Patch
RocketMan.Text_Patch+Text_WordWrap_Getter_Patch
RocketMan.Text_Patch+Text_WordWrap_Setter_Patch
RocketMan.Text_Patch+Text_Font_Getter_Patch
RocketMan.Text_Patch+Text_Font_Setter_Patch
RocketMan.Text_Patch+Text_CurFontStyle_Patch
RocketMan.Text_Patch+Text_CurTextAreaReadOnlyStyle_Patch
RocketMan.Text_Patch+Text_CurTextAreaStyle_Patch
RocketMan.Text_Patch+Text_CurTextFieldStyle_Patch
RocketMan.MapGenerator_Patch+GenerateMap_Patch
RocketMan.Patches.Pawn_Notify_Dirty+Pawn_ApparelTracker_Dirty
RocketMan.Patches.Pawn_Notify_Dirty+Pawn_EquipmentTracker_Dirty
RocketMan.Patches.Pawn_Notify_Dirty+Pawn_Dirty
RocketMan.Patches.Pawn_Notify_Dirty+Pawn_HealthTracker_Dirty
RocketMan.Optimizations.WorldReachability_Patch+WorldReachability_CanReach_Patch

