Mono path[0] = 'C:/Games/RimWorld/RimWorldWin64_Data/Managed'
Mono config path = 'C:/Games/RimWorld/MonoBleedingEdge/etc'
Initialize engine version: 2019.4.30f1 (e8c891080a1f)
[Subsystems] Discovering subsystems at path C:/Games/RimWorld/RimWorldWin64_Data/UnitySubsystems
GfxDevice: creating device client; threaded=1
Direct3D:
    Version:  Direct3D 11.0 [level 11.1]
    Renderer: NVIDIA GeForce GTX 1660 (ID=0x2184)
    Vendor:   
    VRAM:     5992 MB
    Driver:   30.0.15.1259
Begin MonoManager ReloadAssembly
- Completed reload, in  0.180 seconds
<RI> Initializing input.
<RI> Input initialized.
<RI> Initialized touch support.
UnloadTime: 1.255700 ms
RimWorld 1.3.3287 rev1379
Exception parsing latest version: System.FormatException: Input string was not in a correct format.
  at System.Number.StringToNumber (System.String str, System.Globalization.NumberStyles options, System.Number+NumberBuffer& number, System.Globalization.NumberFormatInfo info, System.Boolean parseDecimal) [0x00057] in <eae584ce26bc40229c1b1aa476bfa589>:0 
  at System.Number.ParseInt32 (System.String s, System.Globalization.NumberStyles style, System.Globalization.NumberFormatInfo info) [0x00013] in <eae584ce26bc40229c1b1aa476bfa589>:0 
  at System.Int32.Parse (System.String s, System.Globalization.NumberStyles style, System.IFormatProvider provider) [0x0000e] in <eae584ce26bc40229c1b1aa476bfa589>:0 
  at System.Convert.ToInt32 (System.String value, System.IFormatProvider provider) [0x00005] in <eae584ce26bc40229c1b1aa476bfa589>:0 
  at RimWorld.LatestVersionGetter+<Start>d__4.MoveNext () [0x000bf] in <8db1dbcd94b740f783db630681f0c358>:0  
(Filename: C:\buildslave\unity\build\Runtime/Export/Debug/Debug.bindings.h Line: 39)

Mod Simply More Bridges: targetVersion field is obsolete, use supportedVersions instead. 
(Filename: C:\buildslave\unity\build\Runtime/Export/Debug/Debug.bindings.h Line: 39)

Mod Simply More Bridges is missing supported versions list in About.xml! (example: <supportedVersions><li>1.0</li></supportedVersions>) 
(Filename: C:\buildslave\unity\build\Runtime/Export/Debug/Debug.bindings.h Line: 39)

Mod Simply More Bridges is missing packageId in About.xml! (example: <packageId>AuthorName.ModName.Specific</packageId>) 
(Filename: C:\buildslave\unity\build\Runtime/Export/Debug/Debug.bindings.h Line: 39)

Mod No Debris: targetVersion field is obsolete, use supportedVersions instead. 
(Filename: C:\buildslave\unity\build\Runtime/Export/Debug/Debug.bindings.h Line: 39)

Mod No Debris is missing supported versions list in About.xml! (example: <supportedVersions><li>1.0</li></supportedVersions>) 
(Filename: C:\buildslave\unity\build\Runtime/Export/Debug/Debug.bindings.h Line: 39)

Mod No Debris is missing packageId in About.xml! (example: <packageId>AuthorName.ModName.Specific</packageId>) 
(Filename: C:\buildslave\unity\build\Runtime/Export/Debug/Debug.bindings.h Line: 39)

Fallback handler could not load library C:/Games/RimWorld/RimWorldWin64_Data/Mono/data-000001810B35A350.dll
Fallback handler could not load library C:/Games/RimWorld/RimWorldWin64_Data/Mono/data-000001810ABC42C0.dll
Fallback handler could not load library C:/Games/RimWorld/RimWorldWin64_Data/Mono/data-00000180E79A71C0.dll
Fallback handler could not load library C:/Games/RimWorld/RimWorldWin64_Data/Mono/data-000001810B535840.dll
Fallback handler could not load library C:/Games/RimWorld/RimWorldWin64_Data/Mono/data-00000180E7479440.dll
Fallback handler could not load library C:/Games/RimWorld/RimWorldWin64_Data/Mono/data-000001810ACD6EC0.dll
Fallback handler could not load library C:/Games/RimWorld/RimWorldWin64_Data/Mono/data-000001810C4AAFC0.dll
Fallback handler could not load library C:/Games/RimWorld/RimWorldWin64_Data/Mono/data-000001810C4B69D0.dll
Fallback handler could not load library C:/Games/RimWorld/RimWorldWin64_Data/Mono/data-000001810C59C610.dll
Fallback handler could not load library C:/Games/RimWorld/RimWorldWin64_Data/Mono/data-000001810C5E8030.dll
Fallback handler could not load library C:/Games/RimWorld/RimWorldWin64_Data/Mono/data-000001810C61C040.dll
Fallback handler could not load library C:/Games/RimWorld/RimWorldWin64_Data/Mono/data-000001810C67E010.dll
Fallback handler could not load library C:/Games/RimWorld/RimWorldWin64_Data/Mono/data-000001810C6ABE30.dll
Fallback handler could not load library C:/Games/RimWorld/RimWorldWin64_Data/Mono/data-000001810C6AEE40.dll
Fallback handler could not load library C:/Games/RimWorld/RimWorldWin64_Data/Mono/data-000001810C6D8460.dll
Fallback handler could not load library C:/Games/RimWorld/RimWorldWin64_Data/Mono/data-000001810C6F2890.dll
Fallback handler could not load library C:/Games/RimWorld/RimWorldWin64_Data/Mono/data-000001810C722CC0.dll
Fallback handler could not load library C:/Games/RimWorld/RimWorldWin64_Data/Mono/data-000001810C7336F0.dll
Fallback handler could not load library C:/Games/RimWorld/RimWorldWin64_Data/Mono/data-000001810B6CDA30.dll
Fallback handler could not load library C:/Games/RimWorld/RimWorldWin64_Data/Mono/data-000001810C74C910.dll
Fallback handler could not load library C:/Games/RimWorld/RimWorldWin64_Data/Mono/data-000001810C755D20.dll
Fallback handler could not load library C:/Games/RimWorld/RimWorldWin64_Data/Mono/data-000001810C784530.dll
Fallback handler could not load library C:/Games/RimWorld/RimWorldWin64_Data/Mono/data-00000180E7486B80.dll
Fallback handler could not load library C:/Games/RimWorld/RimWorldWin64_Data/Mono/data-000001810C79E750.dll
Fallback handler could not load library C:/Games/RimWorld/RimWorldWin64_Data/Mono/data-000001810C7AB770.dll
Fallback handler could not load library C:/Games/RimWorld/RimWorldWin64_Data/Mono/data-000001810C7D9010.dll
Fallback handler could not load library C:/Games/RimWorld/RimWorldWin64_Data/Mono/data-000001810C7FA540.dll
Fallback handler could not load library C:/Games/RimWorld/RimWorldWin64_Data/Mono/data-000001810C818560.dll
Fallback handler could not load library C:/Games/RimWorld/RimWorldWin64_Data/Mono/data-000001810C819F70.dll
Fallback handler could not load library C:/Games/RimWorld/RimWorldWin64_Data/Mono/data-000001810C81D780.dll
Fallback handler could not load library C:/Games/RimWorld/RimWorldWin64_Data/Mono/data-000001810C83D7A0.dll
Fallback handler could not load library C:/Games/RimWorld/RimWorldWin64_Data/Mono/data-000001810C668E00.dll
Fallback handler could not load library C:/Games/RimWorld/RimWorldWin64_Data/Mono/data-000001810C8661B0.dll
Fallback handler could not load library C:/Games/RimWorld/RimWorldWin64_Data/Mono/data-000001810C873DC0.dll
Fallback handler could not load library C:/Games/RimWorld/RimWorldWin64_Data/Mono/data-000001810C8753D0.dll
Fallback handler could not load library C:/Games/RimWorld/RimWorldWin64_Data/Mono/data-000001810C8769E0.dll
Fallback handler could not load library C:/Games/RimWorld/RimWorldWin64_Data/Mono/data-000001810C884DF0.dll
Fallback handler could not load library C:/Games/RimWorld/RimWorldWin64_Data/Mono/data-000001810C88E000.dll
Fallback handler could not load library C:/Games/RimWorld/RimWorldWin64_Data/Mono/data-000001810C987010.dll
Fallback handler could not load library C:/Games/RimWorld/RimWorldWin64_Data/Mono/data-000001810C989C20.dll
Fallback handler could not load library C:/Games/RimWorld/RimWorldWin64_Data/Mono/data-000001810C9C1840.dll
Fallback handler could not load library C:/Games/RimWorld/RimWorldWin64_Data/Mono/data-000001810C9E8870.dll
Fallback handler could not load library C:/Games/RimWorld/RimWorldWin64_Data/Mono/data-000001810C9F5A80.dll
Fallback handler could not load library C:/Games/RimWorld/RimWorldWin64_Data/Mono/data-000001810C9FDA90.dll
Fallback handler could not load library C:/Games/RimWorld/RimWorldWin64_Data/Mono/data-000001810CA0D6A0.dll
Fallback handler could not load library C:/Games/RimWorld/RimWorldWin64_Data/Mono/data-000001810CA29CC0.dll
Fallback handler could not load library C:/Games/RimWorld/RimWorldWin64_Data/Mono/data-000001810CA348D0.dll
Fallback handler could not load library C:/Games/RimWorld/RimWorldWin64_Data/Mono/data-000001810CA670E0.dll
Fallback handler could not load library C:/Games/RimWorld/RimWorldWin64_Data/Mono/data-000001810CA77B00.dll
Fallback handler could not load library C:/Games/RimWorld/RimWorldWin64_Data/Mono/data-000001810CA8BB20.dll
Fallback handler could not load library C:/Games/RimWorld/RimWorldWin64_Data/Mono/data-000001810CA94B30.dll
Fallback handler could not load library C:/Games/RimWorld/RimWorldWin64_Data/Mono/data-000001810CA99740.dll
Fallback handler could not load library C:/Games/RimWorld/RimWorldWin64_Data/Mono/data-000001810CA9F960.dll
Fallback handler could not load library C:/Games/RimWorld/RimWorldWin64_Data/Mono/data-000001810CAA4780.dll
Fallback handler could not load library C:/Games/RimWorld/RimWorldWin64_Data/Mono/data-000001810CAC77B0.dll
Fallback handler could not load library C:/Games/RimWorld/RimWorldWin64_Data/Mono/data-000001810CAD8DC0.dll
Fallback handler could not load library C:/Games/RimWorld/RimWorldWin64_Data/Mono/data-000001810CADD7D0.dll
Fallback handler could not load library C:/Games/RimWorld/RimWorldWin64_Data/Mono/data-000001810CBAA600.dll
Fallback handler could not load library C:/Games/RimWorld/RimWorldWin64_Data/Mono/data-000001810CBB5020.dll
Fallback handler could not load library C:/Games/RimWorld/RimWorldWin64_Data/Mono/data-000001810CBBC230.dll
Fallback handler could not load library C:/Games/RimWorld/RimWorldWin64_Data/Mono/data-000001810CBC1640.dll
Fallback handler could not load library C:/Games/RimWorld/RimWorldWin64_Data/Mono/data-000001810CBC7A50.dll
Fallback handler could not load library C:/Games/RimWorld/RimWorldWin64_Data/Mono/data-000001810CBCE460.dll
Fallback handler could not load library C:/Games/RimWorld/RimWorldWin64_Data/Mono/data-000001810CBEF090.dll
Fallback handler could not load library C:/Games/RimWorld/RimWorldWin64_Data/Mono/data-000001810CC6E010.dll
Fallback handler could not load library C:/Games/RimWorld/RimWorldWin64_Data/Mono/data-000001810CC88A30.dll
Fallback handler could not load library C:/Games/RimWorld/RimWorldWin64_Data/Mono/data-000001810CC9A440.dll
Fallback handler could not load library C:/Games/RimWorld/RimWorldWin64_Data/Mono/data-000001810CC9CA50.dll
Fallback handler could not load library C:/Games/RimWorld/RimWorldWin64_Data/Mono/data-000001810CD80280.dll
Fallback handler could not load library C:/Games/RimWorld/RimWorldWin64_Data/Mono/data-000001810CD81E90.dll
Fallback handler could not load library C:/Games/RimWorld/RimWorldWin64_Data/Mono/data-000001810CD8BCB0.dll
Fallback handler could not load library C:/Games/RimWorld/RimWorldWin64_Data/Mono/data-000001810CD90AC0.dll
Fallback handler could not load library C:/Games/RimWorld/RimWorldWin64_Data/Mono/data-000001810CD96CD0.dll
Fallback handler could not load library C:/Games/RimWorld/RimWorldWin64_Data/Mono/data-000001810CD9E0E0.dll
Fallback handler could not load library C:/Games/RimWorld/RimWorldWin64_Data/Mono/data-000001810CE93520.dll
Fallback handler could not load library C:/Games/RimWorld/RimWorldWin64_Data/Mono/data-000001810CF7D740.dll
Fallback handler could not load library C:/Games/RimWorld/RimWorldWin64_Data/Mono/data-000001810CF8B960.dll
Fallback handler could not load library C:/Games/RimWorld/RimWorldWin64_Data/Mono/data-000001810CF96F70.dll
Fallback handler could not load library C:/Games/RimWorld/RimWorldWin64_Data/Mono/data-000001810CF9DD90.dll
Fallback handler could not load library C:/Games/RimWorld/RimWorldWin64_Data/Mono/data-000001810CFA3BB0.dll
Fallback handler could not load library C:/Games/RimWorld/RimWorldWin64_Data/Mono/data-000001810CFA6FC0.dll
Fallback handler could not load library C:/Games/RimWorld/RimWorldWin64_Data/Mono/data-000001810CFA93D0.dll
Fallback handler could not load library C:/Games/RimWorld/RimWorldWin64_Data/Mono/data-000001810CFB0040.dll
Fallback handler could not load library C:/Games/RimWorld/RimWorldWin64_Data/Mono/data-000001810D096820.dll
Fallback handler could not load library C:/Games/RimWorld/RimWorldWin64_Data/Mono/data-000001810D16FA50.dll
Fallback handler could not load library C:/Games/RimWorld/RimWorldWin64_Data/Mono/data-000001810D197070.dll
Fallback handler could not load library C:/Games/RimWorld/RimWorldWin64_Data/Mono/data-000001810D198E80.dll
Fallback handler could not load library C:/Games/RimWorld/RimWorldWin64_Data/Mono/data-000001810D19E090.dll
Fallback handler could not load library C:/Games/RimWorld/RimWorldWin64_Data/Mono/data-000001810D1A12A0.dll
Fallback handler could not load library C:/Games/RimWorld/RimWorldWin64_Data/Mono/data-000001810D1A98C0.dll
Fallback handler could not load library C:/Games/RimWorld/RimWorldWin64_Data/Mono/data-000001810CC40110.dll
Fallback handler could not load library C:/Games/RimWorld/RimWorldWin64_Data/Mono/data-000001810D1C5EF0.dll
Fallback handler could not load library C:/Games/RimWorld/RimWorldWin64_Data/Mono/data-000001810D1DE910.dll
Fallback handler could not load library C:/Games/RimWorld/RimWorldWin64_Data/Mono/data-000001810D29F320.dll
Fallback handler could not load library C:/Games/RimWorld/RimWorldWin64_Data/Mono/data-000001810D2CAD50.dll
Fallback handler could not load library C:/Games/RimWorld/RimWorldWin64_Data/Mono/data-000001810D2D2F60.dll
Fallback handler could not load library C:/Games/RimWorld/RimWorldWin64_Data/Mono/data-000001810D2ED790.dll
Fallback handler could not load library C:/Games/RimWorld/RimWorldWin64_Data/Mono/data-000001810D2F07A0.dll
Fallback handler could not load library C:/Games/RimWorld/RimWorldWin64_Data/Mono/data-000001810D2F5DC0.dll
Fallback handler could not load library C:/Games/RimWorld/RimWorldWin64_Data/Mono/data-000001810D319DE0.dll
Fallback handler could not load library C:/Games/RimWorld/RimWorldWin64_Data/Mono/data-000001810D3CD000.dll
Fallback handler could not load library C:/Games/RimWorld/RimWorldWin64_Data/Mono/data-000001810D3CF410.dll
Fallback handler could not load library C:/Games/RimWorld/RimWorldWin64_Data/Mono/data-000001810D3D3220.dll
Fallback handler could not load library C:/Games/RimWorld/RimWorldWin64_Data/Mono/data-000001810D4B5290.dll
Fallback handler could not load library C:/Games/RimWorld/RimWorldWin64_Data/Mono/data-000001810D4C80A0.dll
Fallback handler could not load library C:/Games/RimWorld/RimWorldWin64_Data/Mono/data-000001810D4C92B0.dll
Fallback handler could not load library C:/Games/RimWorld/RimWorldWin64_Data/Mono/data-000001810D524010.dll
Fallback handler could not load library C:/Games/RimWorld/RimWorldWin64_Data/Mono/data-000001810D3E3250.dll
Fallback handler could not load library C:/Games/RimWorld/RimWorldWin64_Data/Mono/data-000001810D3E9670.dll
Fallback handler could not load library C:/Games/RimWorld/RimWorldWin64_Data/Mono/data-000001810D3EC880.dll
Fallback handler could not load library C:/Games/RimWorld/RimWorldWin64_Data/Mono/data-000001810D643A70.dll
Fallback handler could not load library C:/Games/RimWorld/RimWorldWin64_Data/Mono/data-000001810D647480.dll
Fallback handler could not load library C:/Games/RimWorld/RimWorldWin64_Data/Mono/data-000001810D74E6C0.dll
Fallback handler could not load library C:/Games/RimWorld/RimWorldWin64_Data/Mono/data-000001810D7536D0.dll
Fallback handler could not load library C:/Games/RimWorld/RimWorldWin64_Data/Mono/data-000001810D7596E0.dll
Fallback handler could not load library C:/Games/RimWorld/RimWorldWin64_Data/Mono/data-000001810D764700.dll
Fallback handler could not load library C:/Games/RimWorld/RimWorldWin64_Data/Mono/data-000001810D836520.dll
Fallback handler could not load library C:/Games/RimWorld/RimWorldWin64_Data/Mono/data-000001810D86CF40.dll
Fallback handler could not load library C:/Games/RimWorld/RimWorldWin64_Data/Mono/data-000001810D874750.dll
Fallback handler could not load library C:/Games/RimWorld/RimWorldWin64_Data/Mono/data-000001810D956390.dll
Fallback handler could not load library C:/Games/RimWorld/RimWorldWin64_Data/Mono/data-000001810D95C1A0.dll
Fallback handler could not load library C:/Games/RimWorld/RimWorldWin64_Data/Mono/data-000001810D9653D0.dll
Fallback handler could not load library C:/Games/RimWorld/RimWorldWin64_Data/Mono/data-000001810DA2F9F0.dll
Fallback handler could not load library C:/Games/RimWorld/RimWorldWin64_Data/Mono/data-000001810DA38000.dll
Fallback handler could not load library C:/Games/RimWorld/RimWorldWin64_Data/Mono/data-000001810CFBA080.dll
Fallback handler could not load library C:/Games/RimWorld/RimWorldWin64_Data/Mono/data-000001810DA3AA10.dll
Fallback handler could not load library C:/Games/RimWorld/RimWorldWin64_Data/Mono/data-000001810DB639E0.dll
Fallback handler could not load library C:/Games/RimWorld/RimWorldWin64_Data/Mono/data-000001810DE51080.dll
Fallback handler could not load library C:/Games/RimWorld/RimWorldWin64_Data/Mono/data-000001810DD980B0.dll
Fallback handler could not load library C:/Games/RimWorld/RimWorldWin64_Data/Mono/data-000001810E9D9090.dll
[HugsLib] version 9.0.1
[HugsLib] early-initializing AllowTool
<color=green>Rim73 Compatibility</color> > Added compatibility with SmartSpeed
Rim73 1.4a Initialized
[RuntimeGC] Mod settings loaded.
Repairable Gear :: initialized
[VanillaAchievementsExpanded] version 1.3.7862
[CM_Prioritize_Research] - patching to allow research prioritizing.
Loaded What's That Mod.
[CM_Prioritize_Research] - patching to allow research prioritizing.
DubsMintMenus v1.3.995
[CM_Prioritize_Research] - patching to allow research prioritizing.
Key binding conflict: MainTab_MedicalTab and Misc7 are both bound to M. 
(Filename: C:\buildslave\unity\build\Runtime/Export/Debug/Debug.bindings.h Line: 39)

Key binding conflict: Misc7 and MainTab_MedicalTab are both bound to M. 
(Filename: C:\buildslave\unity\build\Runtime/Export/Debug/Debug.bindings.h Line: 39)

Translation data for language Russian / Русский has 56 errors. Generate translation report for more info. 
(Filename: C:\buildslave\unity\build\Runtime/Export/Debug/Debug.bindings.h Line: 39)

EnhancedDevelopment.Embrasures.Patcher(): Starting.
EnhancedDevelopment.Embrasures.ApplyPatchIfRequired: Skipping Applying Patch: Embrasures
EnhancedDevelopment.Embrasures.Patcher(): Complete.
Alien race successfully completed 180 patches with harmony.
[CM_Prioritize_Research] - patching to allow research prioritizing.
Medical Tab :: Tag Tongue is not associated with any pawnCapacity. This may be intentional. For modders; if the tag defName contains the capacity defName the two will be linked. 
(Filename: C:\buildslave\unity\build\Runtime/Export/Debug/Debug.bindings.h Line: 39)

[GLF] Applying compatibility patches for MapReroll.
<color=orange>[CSG]</color> Symbols Creator Started.
<color=orange>[CSG]</color> Created 10821 symbolDefs for 3 mods. Took 00.04s.
Rim73 cached 163 heddifs.
<color=blue>Optimization: Meats - C# Edition</color>: Mod version: 1.2.4h for RimWorld version: 1.3
<color=blue>Optimization: Meats - C# Edition</color>: Vanilla Fishing Expanded Detected!
<color=blue>Optimization: Meats - C# Edition</color>: <color=red>51</color> meat defs have been removed from the game. Elapsed Time: 0.01sec
Damage Indicators initialized.
[CMColorCodedMoodBar] CMColorCodedMoodBar 1.3.3136.1 initialized
More Vanilla Biomes initialized
[ShowDrafteesWeapon] Initialized
[RimHUD v1.9.1] Initialized
Wall Light: v1.3.7890.36463
PickUpAndHaul v0.1.3.2⅔ welcomes you to RimWorld with pointless logspam.
CharacterEditor v1.3.842 initializing...
updating labels for russian / русский...
loading/updating slots...
loading/updating customs...
instance created
allowing apparel to be colorable...
checking editor settings...
CharacterEditor v1.3.842 ...done
[AllowTool] Applied compatibility patch for "Pick Up And Haul"
[ModMetaDataCleaner] Removed 1 Metadata and cleaned 119 PreviewImage.
Removed: Simply More Bridges
Cleaned: Harmony, No Debris, Camera+, Humanoid Alien Races, HugsLib, Allow Tool, Map Reroll, Defensive Positions, Achtung!, More Trade Ships, Work Tab, ED-Embrasures, Medical Tab, Geological Landforms, Русский язык для Vanilla Factions Expanded - Ancients, Vanilla Factions Expanded - Ancients, Rim73 - Performance and Optimisations, RuntimeGC [1.3], [Rus] Age Matters 2.0, Ideology Russian Translation, Optimization: Meats - C# Edition, Repairable Gear, No Lazy Doctors, Vanilla Fishing Expanded - Fishing Treasures AddOn, Vanilla Social Interactions Expanded, Animal Controls, Destroy Item, Quality Colors, Injured Carry, Do Your F****** Research, ResearchPal - Forked, Quest Reward Rebalance, Vanilla Traits Expanded, Age Matters 2.0 [1.2+], ReGrowth Remastered: Core, Vanilla Expanded - Royalty Patches, CaveworldFlora (Continued), What's That Mod, Smarter Construction, ModDiff, Dune (Continued), Русский язык для Vanilla Events Expanded, Dismiss Trader (Continued), Vanilla Furniture Expanded - Power, Bulk Smelting, Auto links, Automatic Night Owl, Seasonal Weather (Continued), Cybernetic Organism and Neural Network, Expanded Incidents (Continued), Dubs Performance Analyzer, Gunplay, Compact Hediffs, Vanilla Expanded Framework, Stabilize, Bulk Stonecutting, Room Size Tolerance, Vanilla Textures Expanded, Damage Indicators [1.3], PawnTargetFix, Realistic Human Sounds (Continued), Silent Doors (Continued), No Healing Emotes, No ZzZ, Quarry, [Ry]Draw a bead, CM Color Coded Mood Bar [1.1+], Trade Ships Drop Spot, Vanilla Furniture Expanded - Farming, Begone, Message!, Vanilla Events Expanded, More Vanilla Biomes, No Burn Metal, Vanilla Fishing Expanded, Power Tab, Auto-Cut Blight, Vanilla Furniture Expanded - Production, Deep Stack, Character Editor, Vanilla Furniture Expanded - Security, Simple Search Bar, Vanilla Weapons Expanded, More Than Capable, No Random Relations, Trait Rarity Colors, Mortar Accuracy, Vanilla Furniture Expanded - Medical Module, Vanilla Furniture Expanded, DontBlockDoor, Show Draftees Weapon, Bionic icons, Dual Wield, [WD] Partially-Passable Wind Turbines, LWM's Deep Storage, [WD] Soil Contrast, Common Sense, Crafting Quality Rebalanced, Removable Mt.Rock Roof Patche, Where is my weapon?, Cut plants before building, RaiderInfo, RimHUD, [KV] More Trait Slots, [KV] Consolidated Traits, Smart Speed, OgreStack, Dubs Mint Menus, Wall Light, Replace Stuff, Snap Out!, Fixable Mood Debuffs Alert, Pick Up And Haul, RunAndGun, Architect Icons, My Little Planet, Animals Logic, Royalty, Ideology, Core
[RuntimeGC] Detour completed: MuteGC
ResearchPal :: Research layout initialized
  --> [What's That Mod] Took 0.17 seconds to scan all patches. <--
What's That Mod: Wrote to 2305 mod descriptions, 30 patched defs resolved.
What's That Mod took 190 milliseconds to generate all def descriptions.
[HugsLib] initializing MapReroll, DefensivePositions, Troopersmith1.AgeMatters, Linkolas.Stabilize, DeepStack, Roolo.DualWield, LWM_DeepStorage, RunAndGun
[HugsLib][warn] Missing enum setting labels for enum MapReroll.MapRerollController+MapGeneratorMode 
(Filename: C:\buildslave\unity\build\Runtime/Export/Debug/Debug.bindings.h Line: 39)

[OgreStack]: Modify Stack Sizes Complete
Unloading 5 Unused Serialized files (Serialized files now loaded: 3)
UnloadTime: 0.338700 ms
Exception parsing latest version: System.FormatException: Input string was not in a correct format.
  at System.Number.StringToNumber (System.String str, System.Globalization.NumberStyles options, System.Number+NumberBuffer& number, System.Globalization.NumberFormatInfo info, System.Boolean parseDecimal) [0x00057] in <eae584ce26bc40229c1b1aa476bfa589>:0 
  at System.Number.ParseInt32 (System.String s, System.Globalization.NumberStyles style, System.Globalization.NumberFormatInfo info) [0x00013] in <eae584ce26bc40229c1b1aa476bfa589>:0 
  at System.Int32.Parse (System.String s, System.Globalization.NumberStyles style, System.IFormatProvider provider) [0x0000e] in <eae584ce26bc40229c1b1aa476bfa589>:0 
  at System.Convert.ToInt32 (System.String value, System.IFormatProvider provider) [0x00005] in <eae584ce26bc40229c1b1aa476bfa589>:0 
  at RimWorld.LatestVersionGetter+<Start>d__4.MoveNext () [0x000bf] in <8db1dbcd94b740f783db630681f0c358>:0  
(Filename: C:\buildslave\unity\build\Runtime/Export/Debug/Debug.bindings.h Line: 39)


Unloading 276 unused Assets to reduce memory usage. Loaded Objects now: 24283.
Total: 194.661000 ms (FindLiveObjects: 1.634200 ms CreateObjectMapping: 1.590500 ms MarkObjects: 191.185600 ms  DeleteObjects: 0.250400 ms)

Loading game from file 0003 with mods:
  - brrainz.harmony
  - Ludeon.RimWorld
  - Ludeon.RimWorld.Royalty
  - Ludeon.RimWorld.Ideology
  - Storm982.NoHDebris
  - PinoChemicali.MoreTradeShips
  - Jaxxa.ED.Embrasures
  - fuglypump.bulkstonecutting
  - Compilatron.PowerTab
  - gguake.ui.simplesearchbar
  - Bar0th.NoRandomRelations
  - brrainz.cameraplus
  - erdelf.HumanoidAlienRaces
  - UnlimitedHugs.HugsLib
  - UnlimitedHugs.AllowTool
  - UnlimitedHugs.MapReroll
  - UnlimitedHugs.DefensivePositions
  - brrainz.achtung
  - Fluffy.WorkTab
  - Fluffy.MedicalTab
  - m00nl1ght.GeologicalLandforms
  - OskarPotocki.VanillaFactionsExpanded.Core
  - VanillaExpanded.VFEA
  - RU.VFE.Ancients
  - GhostRolly.Rim73
  - trinity.RuntimeGCupdated
  - Rus.AgeMatters2.0
  - Davyd.Translation.Ideology
  - seohyeon.OptimizationMeats
  - SteveZero.RepairableGear
  - JBloodthorn.NoLazyDoctors
  - VanillaExpanded.VCEF
  - VanillaExpanded.VCEFAddon
  - VanillaExpanded.VanillaSocialInteractionsExpanded
  - avilmask.AnimalControls
  - Garwel.DestroyItem
  - legodude17.qualcolor
  - Haecriver.InjuredCarry
  - CaptainMuscles.PrioritizeResearch
  - VinaLx.ResearchPalForked
  - SGC.quests
  - VanillaExpanded.VanillaTraitsExpanded
  - Troopersmith1.AgeMatters
  - ReGrowth.BOTR.Core
  - OskarPotocki.VanillaExpanded.RoyaltyPatches
  - Mlie.CaveworldFlora
  - co.uk.epicguru.whatsthatmod
  - dhultgren.smarterconstruction
  - name.krypt.rimworld.moddiff
  - VanillaExpanded.VEE
  - RU.VanillaExpanded.VEE
  - Mlie.DismissTrader
  - VanillaExpanded.VFEPower
  - neceros.bulksmelting
  - automatic.autolinks
  - ben.automaticnightowl
  - Mlie.SeasonalWeather
  - kikohi.cybernetic
  - Mlie.ExpandedIncidents
  - Dubwise.DubsPerformanceAnalyzer
  - automatic.gunplay
  - PeteTimesSix.CompactHediffs
  - Linkolas.Stabilize
  - neceros.roomsizetolerance
  - VanillaExpanded.VTEXE
  - CaesarV6.DamageIndicators
  - fed1sPlay.PawnTargetFix
  - Mlie.RealisticHumanSounds
  - Mlie.SilentDoors
  - SquirtingElephant.NoHealingEmotes
  - SquirtingElephant.NoZZZ
  - Ogliss.TheWhiteCrayon.Quarry
  - Ryflamer.Misc.Drawabead
  - CrashM.ColorCodedMoodBar.11
  - smashphil.dropspot
  - VanillaExpanded.VFEFarming
  - lbmaian.begonemessage
  - zylle.MoreVanillaBiomes
  - Unon.NoBurnMetal
  - razor2.3.AnotherRimworldMod.AutoCutBlight
  - VanillaExpanded.VFEProduction
  - void.deepstack
  - void.charactereditor
  - VanillaExpanded.VFESecurity
  - VanillaExpanded.VWE
  - notfood.MoreThanCapable
  - CarnySenpai.TraitRarityColors
  - hobtook.mortaraccuracy
  - VanillaExpanded.VFEMedical
  - VanillaExpanded.VFECore
  - tikubonn.DontBlockDoor
  - targhetti.ShowDrafteesWeapon
  - automatic.bionicicons
  - Roolo.DualWield
  - Wemd.PartiallyPassableWindTurbines
  - LWM.DeepStorage
  - Wemd.SoilContrast
  - avilmask.CommonSense
  - phomor.CraftingQualityRebalanced
  - Proxyer.RemovableMtRockRoofPatche
  - tammybee.whereismyweapon
  - tammybee.cutplantsbeforebuilding
  - tammybee.raiderinfo
  - Jaxe.RimHUD
  - moretraitslots.kv.rw
  - consolidatedtraits.kv.rw
  - sarg.smartspeed
  - Ogre.OgreStack
  - Dubwise.DubsMintMenus
  - Murmur.WallLight
  - Uuugggg.ReplaceStuff
  - weilbyte.snapout
  - fyarn.FixableMoodDebuffsAlert
  - Mehni.PickUpAndHaul
  - roolo.RunAndGun
  - com.bymarcin.ArchitectIcons
  - Oblitus.MyLittlePlanet
  - Oblitus.AnimalsLogic
  - Mlie.Dune
Achtung v3.4.4.0 Info: To make Achtung log some performance info, create an empty 'AchtungPerformance.txt' file in same directory as Player.log
Expanded Incident - Settings loaded
checking editor settings...
Rim73 > Loaded new game, resetting caching variables 
(Filename: C:\buildslave\unity\build\Runtime/Export/Debug/Debug.bindings.h Line: 39)

Unloading 0 Unused Serialized files (Serialized files now loaded: 3)

Unloading 0 unused Assets to reduce memory usage. Loaded Objects now: 28692.
Total: 284.873800 ms (FindLiveObjects: 1.360600 ms CreateObjectMapping: 1.842200 ms MarkObjects: 281.622700 ms  DeleteObjects: 0.047800 ms)

[AllowTool] Adjusted work type priority of FinishingOff for pawns:
Bret:0->3
ReequipAndRetake:Дримви
Tried to split off 6 of MealSurvivalPack63845 but there are only 5 
(Filename: C:\buildslave\unity\build\Runtime/Export/Debug/Debug.bindings.h Line: 39)

ReequipAndRetake:Дримви
Exception ticking Bucky (at (131, 0, 121)). Suppressing further errors. Exception: System.NullReferenceException: Object reference not set to an instance of an object
  at Rim73.Rim73_Jobs+Pawn_JobsTick.Prefix (Verse.AI.Pawn_JobTracker& __instance, Verse.Pawn ___pawn) [0x0031c] in <21bb332e850344e78bd033b33c4655aa>:0 
  at (wrapper dynamic-method) Verse.AI.Pawn_JobTracker.Verse.AI.Pawn_JobTracker.JobTrackerTick_Patch1(Verse.AI.Pawn_JobTracker)
  at (wrapper dynamic-method) Verse.Pawn.Verse.Pawn.Tick_Patch1(Verse.Pawn)
  at Verse.TickList.Tick () [0x0015c] in <8db1dbcd94b740f783db630681f0c358>:0  
(Filename: C:\buildslave\unity\build\Runtime/Export/Debug/Debug.bindings.h Line: 39)

Deep-saving destroyed thing Shuttle64155 with saveDestroyedThings==false. label=shipThing 
(Filename: C:\buildslave\unity\build\Runtime/Export/Debug/Debug.bindings.h Line: 39)

Deep-saving destroyed thing Shuttle64155 with saveDestroyedThings==false. label=shipThing 
(Filename: C:\buildslave\unity\build\Runtime/Export/Debug/Debug.bindings.h Line: 39)

Deep-saving destroyed thing Shuttle64155 with saveDestroyedThings==false. label=shipThing 
(Filename: C:\buildslave\unity\build\Runtime/Export/Debug/Debug.bindings.h Line: 39)

Deep-saving destroyed thing Shuttle64155 with saveDestroyedThings==false. label=shipThing 
(Filename: C:\buildslave\unity\build\Runtime/Export/Debug/Debug.bindings.h Line: 39)

Exception ticking hediff (Scaria ticksSinceCreation=5868) for pawn GuineaPig64481. Removing hediff... Exception: System.NullReferenceException: Object reference not set to an instance of an object
  at Verse.HediffComp_CauseMentalState.CompPostTick (System.Single& severityAdjustment) [0x000f8] in <8db1dbcd94b740f783db630681f0c358>:0 
  at Verse.HediffWithComps.PostTick () [0x00024] in <8db1dbcd94b740f783db630681f0c358>:0 
  at (wrapper dynamic-method) Verse.Pawn_HealthTracker.Verse.Pawn_HealthTracker.HealthTick_Patch2(Verse.Pawn_HealthTracker) 
(Filename: C:\buildslave\unity\build\Runtime/Export/Debug/Debug.bindings.h Line: 39)

Error while removing hediff: System.NullReferenceException: Object reference not set to an instance of an object
  at Verse.HediffComp_CauseMentalState.CompPostPostRemoved () [0x0005c] in <8db1dbcd94b740f783db630681f0c358>:0 
  at Verse.HediffWithComps.PostRemoved () [0x0001e] in <8db1dbcd94b740f783db630681f0c358>:0 
  at Verse.Pawn_HealthTracker.RemoveHediff (Verse.Hediff hediff) [0x00012] in <8db1dbcd94b740f783db630681f0c358>:0 
  at (wrapper dynamic-method) Verse.Pawn_HealthTracker.Verse.Pawn_HealthTracker.HealthTick_Patch2(Verse.Pawn_HealthTracker) 
(Filename: C:\buildslave\unity\build\Runtime/Export/Debug/Debug.bindings.h Line: 39)

Deep-saving destroyed thing Shuttle64155 with saveDestroyedThings==false. label=shipThing 
(Filename: C:\buildslave\unity\build\Runtime/Export/Debug/Debug.bindings.h Line: 39)

Kami started 10 jobs in 10 ticks. List: отсутствует curDriver=JobDriver_Goto (toilIndex=0) curJob=(Goto (Job_452276) A=(0, 0, 85)) 
(Filename: C:\buildslave\unity\build\Runtime/Export/Debug/Debug.bindings.h Line: 39)

Deep-saving destroyed thing Shuttle64155 with saveDestroyedThings==false. label=shipThing 
(Filename: C:\buildslave\unity\build\Runtime/Export/Debug/Debug.bindings.h Line: 39)

Deep-saving destroyed thing Shuttle64155 with saveDestroyedThings==false. label=shipThing 
(Filename: C:\buildslave\unity\build\Runtime/Export/Debug/Debug.bindings.h Line: 39)

Deep-saving destroyed thing Shuttle64155 with saveDestroyedThings==false. label=shipThing 
(Filename: C:\buildslave\unity\build\Runtime/Export/Debug/Debug.bindings.h Line: 39)

Deep-saving destroyed thing Shuttle64155 with saveDestroyedThings==false. label=shipThing 
(Filename: C:\buildslave\unity\build\Runtime/Export/Debug/Debug.bindings.h Line: 39)

Deep-saving destroyed thing Shuttle64155 with saveDestroyedThings==false. label=shipThing 
(Filename: C:\buildslave\unity\build\Runtime/Export/Debug/Debug.bindings.h Line: 39)

Unloading 3 Unused Serialized files (Serialized files now loaded: 3)
UnloadTime: 0.421800 ms

Unloading 4598 unused Assets to reduce memory usage. Loaded Objects now: 26790.
Total: 560.452400 ms (FindLiveObjects: 1.364900 ms CreateObjectMapping: 2.248400 ms MarkObjects: 551.261400 ms  DeleteObjects: 5.577400 ms)

Loading game from file Autosave-3 with mods:
  - brrainz.harmony
  - Ludeon.RimWorld
  - Ludeon.RimWorld.Royalty
  - Ludeon.RimWorld.Ideology
  - Storm982.NoHDebris
  - PinoChemicali.MoreTradeShips
  - Jaxxa.ED.Embrasures
  - fuglypump.bulkstonecutting
  - Compilatron.PowerTab
  - gguake.ui.simplesearchbar
  - Bar0th.NoRandomRelations
  - brrainz.cameraplus
  - erdelf.HumanoidAlienRaces
  - UnlimitedHugs.HugsLib
  - UnlimitedHugs.AllowTool
  - UnlimitedHugs.MapReroll
  - UnlimitedHugs.DefensivePositions
  - brrainz.achtung
  - Fluffy.WorkTab
  - Fluffy.MedicalTab
  - m00nl1ght.GeologicalLandforms
  - OskarPotocki.VanillaFactionsExpanded.Core
  - VanillaExpanded.VFEA
  - RU.VFE.Ancients
  - GhostRolly.Rim73
  - trinity.RuntimeGCupdated
  - Rus.AgeMatters2.0
  - Davyd.Translation.Ideology
  - seohyeon.OptimizationMeats
  - SteveZero.RepairableGear
  - JBloodthorn.NoLazyDoctors
  - VanillaExpanded.VCEF
  - VanillaExpanded.VCEFAddon
  - VanillaExpanded.VanillaSocialInteractionsExpanded
  - avilmask.AnimalControls
  - Garwel.DestroyItem
  - legodude17.qualcolor
  - Haecriver.InjuredCarry
  - CaptainMuscles.PrioritizeResearch
  - VinaLx.ResearchPalForked
  - SGC.quests
  - VanillaExpanded.VanillaTraitsExpanded
  - Troopersmith1.AgeMatters
  - ReGrowth.BOTR.Core
  - OskarPotocki.VanillaExpanded.RoyaltyPatches
  - Mlie.CaveworldFlora
  - co.uk.epicguru.whatsthatmod
  - dhultgren.smarterconstruction
  - name.krypt.rimworld.moddiff
  - VanillaExpanded.VEE
  - RU.VanillaExpanded.VEE
  - Mlie.DismissTrader
  - VanillaExpanded.VFEPower
  - neceros.bulksmelting
  - automatic.autolinks
  - ben.automaticnightowl
  - Mlie.SeasonalWeather
  - kikohi.cybernetic
  - Mlie.ExpandedIncidents
  - Dubwise.DubsPerformanceAnalyzer
  - automatic.gunplay
  - PeteTimesSix.CompactHediffs
  - Linkolas.Stabilize
  - neceros.roomsizetolerance
  - VanillaExpanded.VTEXE
  - CaesarV6.DamageIndicators
  - fed1sPlay.PawnTargetFix
  - Mlie.RealisticHumanSounds
  - Mlie.SilentDoors
  - SquirtingElephant.NoHealingEmotes
  - SquirtingElephant.NoZZZ
  - Ogliss.TheWhiteCrayon.Quarry
  - Ryflamer.Misc.Drawabead
  - CrashM.ColorCodedMoodBar.11
  - smashphil.dropspot
  - VanillaExpanded.VFEFarming
  - lbmaian.begonemessage
  - zylle.MoreVanillaBiomes
  - Unon.NoBurnMetal
  - razor2.3.AnotherRimworldMod.AutoCutBlight
  - VanillaExpanded.VFEProduction
  - void.deepstack
  - void.charactereditor
  - VanillaExpanded.VFESecurity
  - VanillaExpanded.VWE
  - notfood.MoreThanCapable
  - CarnySenpai.TraitRarityColors
  - hobtook.mortaraccuracy
  - VanillaExpanded.VFEMedical
  - VanillaExpanded.VFECore
  - tikubonn.DontBlockDoor
  - targhetti.ShowDrafteesWeapon
  - automatic.bionicicons
  - Roolo.DualWield
  - Wemd.PartiallyPassableWindTurbines
  - LWM.DeepStorage
  - Wemd.SoilContrast
  - avilmask.CommonSense
  - phomor.CraftingQualityRebalanced
  - Proxyer.RemovableMtRockRoofPatche
  - tammybee.whereismyweapon
  - tammybee.cutplantsbeforebuilding
  - tammybee.raiderinfo
  - Jaxe.RimHUD
  - moretraitslots.kv.rw
  - consolidatedtraits.kv.rw
  - sarg.smartspeed
  - Ogre.OgreStack
  - Dubwise.DubsMintMenus
  - Murmur.WallLight
  - Uuugggg.ReplaceStuff
  - weilbyte.snapout
  - fyarn.FixableMoodDebuffsAlert
  - Mehni.PickUpAndHaul
  - roolo.RunAndGun
  - com.bymarcin.ArchitectIcons
  - Oblitus.MyLittlePlanet
  - Oblitus.AnimalsLogic
  - Mlie.Dune
Exception parsing latest version: System.FormatException: Input string was not in a correct format.
  at System.Number.StringToNumber (System.String str, System.Globalization.NumberStyles options, System.Number+NumberBuffer& number, System.Globalization.NumberFormatInfo info, System.Boolean parseDecimal) [0x00057] in <eae584ce26bc40229c1b1aa476bfa589>:0 
  at System.Number.ParseInt32 (System.String s, System.Globalization.NumberStyles style, System.Globalization.NumberFormatInfo info) [0x00013] in <eae584ce26bc40229c1b1aa476bfa589>:0 
  at System.Int32.Parse (System.String s, System.Globalization.NumberStyles style, System.IFormatProvider provider) [0x0000e] in <eae584ce26bc40229c1b1aa476bfa589>:0 
  at System.Convert.ToInt32 (System.String value, System.IFormatProvider provider) [0x00005] in <eae584ce26bc40229c1b1aa476bfa589>:0 
  at RimWorld.LatestVersionGetter+<Start>d__4.MoveNext () [0x000bf] in <8db1dbcd94b740f783db630681f0c358>:0  
(Filename: C:\buildslave\unity\build\Runtime/Export/Debug/Debug.bindings.h Line: 39)

Achtung v3.4.4.0 Info: To make Achtung log some performance info, create an empty 'AchtungPerformance.txt' file in same directory as Player.log
Expanded Incident - Settings loaded
Could not resolve reference to object with loadID Lord_4 of type Verse.AI.Group.Lord. Was it compressed away, destroyed, had no ID number, or not saved/loaded right? curParent=VanillaStorytellersExpanded.RaidGroup curPathRelToParent=/lords 
(Filename: C:\buildslave\unity\build\Runtime/Export/Debug/Debug.bindings.h Line: 39)

Could not resolve reference to object with loadID Lord_5 of type Verse.AI.Group.Lord. Was it compressed away, destroyed, had no ID number, or not saved/loaded right? curParent=VanillaStorytellersExpanded.RaidGroup curPathRelToParent=/lords 
(Filename: C:\buildslave\unity\build\Runtime/Export/Debug/Debug.bindings.h Line: 39)

checking editor settings...
Rim73 > Loaded new game, resetting caching variables 
(Filename: C:\buildslave\unity\build\Runtime/Export/Debug/Debug.bindings.h Line: 39)

Unloading 0 Unused Serialized files (Serialized files now loaded: 3)

Unloading 0 unused Assets to reduce memory usage. Loaded Objects now: 30953.
Total: 695.554700 ms (FindLiveObjects: 1.487000 ms CreateObjectMapping: 2.375100 ms MarkObjects: 691.650800 ms  DeleteObjects: 0.041300 ms)

[AllowTool] Adjusted work type priority of FinishingOff for pawns:
Bret:0->3
Deep-saving destroyed thing Shuttle64155 with saveDestroyedThings==false. label=shipThing 
(Filename: C:\buildslave\unity\build\Runtime/Export/Debug/Debug.bindings.h Line: 39)

Deep-saving destroyed thing Shuttle64155 with saveDestroyedThings==false. label=shipThing 
(Filename: C:\buildslave\unity\build\Runtime/Export/Debug/Debug.bindings.h Line: 39)

Deep-saving destroyed thing Shuttle64155 with saveDestroyedThings==false. label=shipThing 
(Filename: C:\buildslave\unity\build\Runtime/Export/Debug/Debug.bindings.h Line: 39)

ReequipAndRetake:Dee, Marshal
Deep-saving destroyed thing Shuttle64155 with saveDestroyedThings==false. label=shipThing 
(Filename: C:\buildslave\unity\build\Runtime/Export/Debug/Debug.bindings.h Line: 39)

ReequipAndRetake:Dee, Marshal
Deep-saving destroyed thing Shuttle64155 with saveDestroyedThings==false. label=shipThing 
(Filename: C:\buildslave\unity\build\Runtime/Export/Debug/Debug.bindings.h Line: 39)

System.NullReferenceException: Object reference not set to an instance of an object
  at RimWorld.StoryState.RecordRandomQuestFired (RimWorld.QuestScriptDef questScript) [0x00035] in <8db1dbcd94b740f783db630681f0c358>:0 
  at RimWorld.StoryState.Notify_IncidentFired (RimWorld.FiringIncident fi) [0x000a2] in <8db1dbcd94b740f783db630681f0c358>:0 
  at (wrapper dynamic-method) RimWorld.Storyteller.RimWorld.Storyteller.TryFire_Patch1(RimWorld.Storyteller,RimWorld.FiringIncident)
  at RimWorld.Storyteller.StorytellerTick () [0x0003a] in <8db1dbcd94b740f783db630681f0c358>:0 
  at (wrapper dynamic-method) Verse.TickManager.Verse.TickManager.DoSingleTick_Patch2(Verse.TickManager) 
(Filename: C:\buildslave\unity\build\Runtime/Export/Debug/Debug.bindings.h Line: 39)

Deep-saving destroyed thing Shuttle64155 with saveDestroyedThings==false. label=shipThing 
(Filename: C:\buildslave\unity\build\Runtime/Export/Debug/Debug.bindings.h Line: 39)

reinnited 
(Filename: C:\buildslave\unity\build\Runtime/Export/Debug/Debug.bindings.h Line: 39)

Little tried to place hauled thing in container but is not hauling anything. 
(Filename: C:\buildslave\unity\build\Runtime/Export/Debug/Debug.bindings.h Line: 39)

Faction.OfPlayer gets new relationship change to Empire due to 0 snobs in the faction. Old value: 10 - new value: 10
Deep-saving destroyed thing Shuttle64155 with saveDestroyedThings==false. label=shipThing 
(Filename: C:\buildslave\unity\build\Runtime/Export/Debug/Debug.bindings.h Line: 39)

Unloading 3 Unused Serialized files (Serialized files now loaded: 3)
UnloadTime: 0.410800 ms

Unloading 5117 unused Assets to reduce memory usage. Loaded Objects now: 27498.
Total: 643.914300 ms (FindLiveObjects: 1.762200 ms CreateObjectMapping: 2.860600 ms MarkObjects: 632.313300 ms  DeleteObjects: 6.977900 ms)

Loading game from file Autosave-4 with mods:
  - brrainz.harmony
  - Ludeon.RimWorld
  - Ludeon.RimWorld.Royalty
  - Ludeon.RimWorld.Ideology
  - Storm982.NoHDebris
  - PinoChemicali.MoreTradeShips
  - Jaxxa.ED.Embrasures
  - fuglypump.bulkstonecutting
  - Compilatron.PowerTab
  - gguake.ui.simplesearchbar
  - Bar0th.NoRandomRelations
  - brrainz.cameraplus
  - erdelf.HumanoidAlienRaces
  - UnlimitedHugs.HugsLib
  - UnlimitedHugs.AllowTool
  - UnlimitedHugs.MapReroll
  - UnlimitedHugs.DefensivePositions
  - brrainz.achtung
  - Fluffy.WorkTab
  - Fluffy.MedicalTab
  - m00nl1ght.GeologicalLandforms
  - OskarPotocki.VanillaFactionsExpanded.Core
  - VanillaExpanded.VFEA
  - RU.VFE.Ancients
  - GhostRolly.Rim73
  - trinity.RuntimeGCupdated
  - Rus.AgeMatters2.0
  - Davyd.Translation.Ideology
  - seohyeon.OptimizationMeats
  - SteveZero.RepairableGear
  - JBloodthorn.NoLazyDoctors
  - VanillaExpanded.VCEF
  - VanillaExpanded.VCEFAddon
  - VanillaExpanded.VanillaSocialInteractionsExpanded
  - avilmask.AnimalControls
  - Garwel.DestroyItem
  - legodude17.qualcolor
  - Haecriver.InjuredCarry
  - CaptainMuscles.PrioritizeResearch
  - VinaLx.ResearchPalForked
  - SGC.quests
  - VanillaExpanded.VanillaTraitsExpanded
  - Troopersmith1.AgeMatters
  - ReGrowth.BOTR.Core
  - OskarPotocki.VanillaExpanded.RoyaltyPatches
  - Mlie.CaveworldFlora
  - co.uk.epicguru.whatsthatmod
  - dhultgren.smarterconstruction
  - name.krypt.rimworld.moddiff
  - VanillaExpanded.VEE
  - RU.VanillaExpanded.VEE
  - Mlie.DismissTrader
  - VanillaExpanded.VFEPower
  - neceros.bulksmelting
  - automatic.autolinks
  - ben.automaticnightowl
  - Mlie.SeasonalWeather
  - kikohi.cybernetic
  - Mlie.ExpandedIncidents
  - Dubwise.DubsPerformanceAnalyzer
  - automatic.gunplay
  - PeteTimesSix.CompactHediffs
  - Linkolas.Stabilize
  - neceros.roomsizetolerance
  - VanillaExpanded.VTEXE
  - CaesarV6.DamageIndicators
  - fed1sPlay.PawnTargetFix
  - Mlie.RealisticHumanSounds
  - Mlie.SilentDoors
  - SquirtingElephant.NoHealingEmotes
  - SquirtingElephant.NoZZZ
  - Ogliss.TheWhiteCrayon.Quarry
  - Ryflamer.Misc.Drawabead
  - CrashM.ColorCodedMoodBar.11
  - smashphil.dropspot
  - VanillaExpanded.VFEFarming
  - lbmaian.begonemessage
  - zylle.MoreVanillaBiomes
  - Unon.NoBurnMetal
  - razor2.3.AnotherRimworldMod.AutoCutBlight
  - VanillaExpanded.VFEProduction
  - void.deepstack
  - void.charactereditor
  - VanillaExpanded.VFESecurity
  - VanillaExpanded.VWE
  - notfood.MoreThanCapable
  - CarnySenpai.TraitRarityColors
  - hobtook.mortaraccuracy
  - VanillaExpanded.VFEMedical
  - VanillaExpanded.VFECore
  - tikubonn.DontBlockDoor
  - targhetti.ShowDrafteesWeapon
  - automatic.bionicicons
  - Roolo.DualWield
  - Wemd.PartiallyPassableWindTurbines
  - LWM.DeepStorage
  - Wemd.SoilContrast
  - avilmask.CommonSense
  - phomor.CraftingQualityRebalanced
  - Proxyer.RemovableMtRockRoofPatche
  - tammybee.whereismyweapon
  - tammybee.cutplantsbeforebuilding
  - tammybee.raiderinfo
  - Jaxe.RimHUD
  - moretraitslots.kv.rw
  - consolidatedtraits.kv.rw
  - sarg.smartspeed
  - Ogre.OgreStack
  - Dubwise.DubsMintMenus
  - Murmur.WallLight
  - Uuugggg.ReplaceStuff
  - weilbyte.snapout
  - fyarn.FixableMoodDebuffsAlert
  - Mehni.PickUpAndHaul
  - roolo.RunAndGun
  - com.bymarcin.ArchitectIcons
  - Oblitus.MyLittlePlanet
  - Oblitus.AnimalsLogic
  - Mlie.Dune
Exception parsing latest version: System.FormatException: Input string was not in a correct format.
  at System.Number.StringToNumber (System.String str, System.Globalization.NumberStyles options, System.Number+NumberBuffer& number, System.Globalization.NumberFormatInfo info, System.Boolean parseDecimal) [0x00057] in <eae584ce26bc40229c1b1aa476bfa589>:0 
  at System.Number.ParseInt32 (System.String s, System.Globalization.NumberStyles style, System.Globalization.NumberFormatInfo info) [0x00013] in <eae584ce26bc40229c1b1aa476bfa589>:0 
  at System.Int32.Parse (System.String s, System.Globalization.NumberStyles style, System.IFormatProvider provider) [0x0000e] in <eae584ce26bc40229c1b1aa476bfa589>:0 
  at System.Convert.ToInt32 (System.String value, System.IFormatProvider provider) [0x00005] in <eae584ce26bc40229c1b1aa476bfa589>:0 
  at RimWorld.LatestVersionGetter+<Start>d__4.MoveNext () [0x000bf] in <8db1dbcd94b740f783db630681f0c358>:0  
(Filename: C:\buildslave\unity\build\Runtime/Export/Debug/Debug.bindings.h Line: 39)

Achtung v3.4.4.0 Info: To make Achtung log some performance info, create an empty 'AchtungPerformance.txt' file in same directory as Player.log
Expanded Incident - Settings loaded
Could not resolve reference to object with loadID Lord_11 of type Verse.AI.Group.Lord. Was it compressed away, destroyed, had no ID number, or not saved/loaded right? curParent=VanillaStorytellersExpanded.RaidGroup curPathRelToParent=/lords 
(Filename: C:\buildslave\unity\build\Runtime/Export/Debug/Debug.bindings.h Line: 39)

Could not resolve reference to object with loadID Lord_11 of type Verse.AI.Group.Lord. Was it compressed away, destroyed, had no ID number, or not saved/loaded right? curParent=VanillaStorytellersExpanded.RaidGroup curPathRelToParent=/lords 
(Filename: C:\buildslave\unity\build\Runtime/Export/Debug/Debug.bindings.h Line: 39)

Could not resolve reference to object with loadID Lord_11 of type Verse.AI.Group.Lord. Was it compressed away, destroyed, had no ID number, or not saved/loaded right? curParent=VanillaSocialInteractionsExpanded.RaidGroup curPathRelToParent=/lords 
(Filename: C:\buildslave\unity\build\Runtime/Export/Debug/Debug.bindings.h Line: 39)

Could not resolve reference to object with loadID Lord_11 of type Verse.AI.Group.Lord. Was it compressed away, destroyed, had no ID number, or not saved/loaded right? curParent=VanillaSocialInteractionsExpanded.RaidGroup curPathRelToParent=/lords 
(Filename: C:\buildslave\unity\build\Runtime/Export/Debug/Debug.bindings.h Line: 39)

Error in PostMapInit() for Plant_Rice85296: System.NullReferenceException: Object reference not set to an instance of an object
  at VEE.Plant_PostMapInit_Patch.Postfix (RimWorld.Plant& __instance, System.Int32& ___madeLeaflessTick) [0x00008] in <0c01aa47eeb24d31840274c38f9ad096>:0 
  at (wrapper dynamic-method) RimWorld.Plant.RimWorld.Plant.PostMapInit_Patch1(RimWorld.Plant)
  at (wrapper dynamic-method) Verse.Map.Verse.Map.FinalizeInit_Patch3(Verse.Map) 
(Filename: C:\buildslave\unity\build\Runtime/Export/Debug/Debug.bindings.h Line: 39)

checking editor settings...
Rim73 > Loaded new game, resetting caching variables 
(Filename: C:\buildslave\unity\build\Runtime/Export/Debug/Debug.bindings.h Line: 39)

Unloading 0 Unused Serialized files (Serialized files now loaded: 3)

Unloading 0 unused Assets to reduce memory usage. Loaded Objects now: 32194.
Total: 771.659200 ms (FindLiveObjects: 1.534400 ms CreateObjectMapping: 2.225600 ms MarkObjects: 767.838200 ms  DeleteObjects: 0.060500 ms)

[AllowTool] Adjusted work type priority of FinishingOff for pawns:
Bret:0->3
Deep-saving destroyed thing Shuttle64155 with saveDestroyedThings==false. label=shipThing 
(Filename: C:\buildslave\unity\build\Runtime/Export/Debug/Debug.bindings.h Line: 39)

Deep-saving destroyed thing Shuttle64155 with saveDestroyedThings==false. label=shipThing 
(Filename: C:\buildslave\unity\build\Runtime/Export/Debug/Debug.bindings.h Line: 39)

Naithia, Разведчица tried to path while downed. This should never happen. curJob=GotoWander (Job_578744) A=(146, 0, 116) 
(Filename: C:\buildslave\unity\build\Runtime/Export/Debug/Debug.bindings.h Line: 39)

Deep-saving destroyed thing Shuttle64155 with saveDestroyedThings==false. label=shipThing 
(Filename: C:\buildslave\unity\build\Runtime/Export/Debug/Debug.bindings.h Line: 39)

ReequipAndRetake:Kris, Лучник
reinnited 
(Filename: C:\buildslave\unity\build\Runtime/Export/Debug/Debug.bindings.h Line: 39)

reinnited 
(Filename: C:\buildslave\unity\build\Runtime/Export/Debug/Debug.bindings.h Line: 39)

reinnited 
(Filename: C:\buildslave\unity\build\Runtime/Export/Debug/Debug.bindings.h Line: 39)

Talo tried to place hauled thing in container but is not hauling anything. 
(Filename: C:\buildslave\unity\build\Runtime/Export/Debug/Debug.bindings.h Line: 39)

Deep-saving destroyed thing Shuttle64155 with saveDestroyedThings==false. label=shipThing 
(Filename: C:\buildslave\unity\build\Runtime/Export/Debug/Debug.bindings.h Line: 39)

Deep-saving destroyed thing Shuttle64155 with saveDestroyedThings==false. label=shipThing 
(Filename: C:\buildslave\unity\build\Runtime/Export/Debug/Debug.bindings.h Line: 39)

ReequipAndRetake:осёл 1
Talo tried to place hauled thing in container but is not hauling anything. 
(Filename: C:\buildslave\unity\build\Runtime/Export/Debug/Debug.bindings.h Line: 39)

Deep-saving destroyed thing Shuttle64155 with saveDestroyedThings==false. label=shipThing 
(Filename: C:\buildslave\unity\build\Runtime/Export/Debug/Debug.bindings.h Line: 39)

ReequipAndRetake:альпака 1
ReequipAndRetake:ослица 1
Deep-saving destroyed thing Shuttle64155 with saveDestroyedThings==false. label=shipThing 
(Filename: C:\buildslave\unity\build\Runtime/Export/Debug/Debug.bindings.h Line: 39)

ReequipAndRetake:бумкрыса
Deep-saving destroyed thing Shuttle64155 with saveDestroyedThings==false. label=shipThing 
(Filename: C:\buildslave\unity\build\Runtime/Export/Debug/Debug.bindings.h Line: 39)

Deep-saving destroyed thing Shuttle64155 with saveDestroyedThings==false. label=shipThing 
(Filename: C:\buildslave\unity\build\Runtime/Export/Debug/Debug.bindings.h Line: 39)

Exception ticking Kris (at (119, 0, 87)). Suppressing further errors. Exception: System.NullReferenceException: Object reference not set to an instance of an object
  at Rim73.Rim73_Jobs+Pawn_JobsTick.Prefix (Verse.AI.Pawn_JobTracker& __instance, Verse.Pawn ___pawn) [0x0031c] in <21bb332e850344e78bd033b33c4655aa>:0 
  at (wrapper dynamic-method) Verse.AI.Pawn_JobTracker.Verse.AI.Pawn_JobTracker.JobTrackerTick_Patch1(Verse.AI.Pawn_JobTracker)
  at (wrapper dynamic-method) Verse.Pawn.Verse.Pawn.Tick_Patch1(Verse.Pawn)
  at Verse.TickList.Tick () [0x0015c] in <8db1dbcd94b740f783db630681f0c358>:0  
(Filename: C:\buildslave\unity\build\Runtime/Export/Debug/Debug.bindings.h Line: 39)

Deep-saving destroyed thing Shuttle64155 with saveDestroyedThings==false. label=shipThing 
(Filename: C:\buildslave\unity\build\Runtime/Export/Debug/Debug.bindings.h Line: 39)

Deep-saving destroyed thing Shuttle64155 with saveDestroyedThings==false. label=shipThing 
(Filename: C:\buildslave\unity\build\Runtime/Export/Debug/Debug.bindings.h Line: 39)

ReequipAndRetake:осёл 1
ReequipAndRetake:альпака 1
AlienRace encountered an error processing food
Pawn: осёл 1 | Donkey
Food: MealSurvivalPack | MealSurvivalPack | Core
System.NullReferenceException: Object reference not set to an instance of an object
  at AlienRace.HarmonyPatches.ThoughtsFromIngestingPostfix (Verse.Pawn ingester, Verse.Thing foodSource, Verse.ThingDef foodDef, System.Collections.Generic.List`1[RimWorld.FoodUtility+ThoughtFromIngesting]& __result) [0x0000d] in <8f5f6de1c6424774bde339264016b36c>:0  
(Filename: C:\buildslave\unity\build\Runtime/Export/Debug/Debug.bindings.h Line: 39)

AlienRace encountered an error processing food
Pawn: осёл 1 | Donkey
Food: RawRice | RawRice | Core
System.NullReferenceException: Object reference not set to an instance of an object
  at AlienRace.HarmonyPatches.ThoughtsFromIngestingPostfix (Verse.Pawn ingester, Verse.Thing foodSource, Verse.ThingDef foodDef, System.Collections.Generic.List`1[RimWorld.FoodUtility+ThoughtFromIngesting]& __result) [0x0000d] in <8f5f6de1c6424774bde339264016b36c>:0  
(Filename: C:\buildslave\unity\build\Runtime/Export/Debug/Debug.bindings.h Line: 39)

Tried to set ThingCount stack count to 17, but thing's stack count is only 8. thing=RawRice90165 
(Filename: C:\buildslave\unity\build\Runtime/Export/Debug/Debug.bindings.h Line: 39)

Tried to set ThingCount stack count to 15, but thing's stack count is only 8. thing=RawRice90165 
(Filename: C:\buildslave\unity\build\Runtime/Export/Debug/Debug.bindings.h Line: 39)

ReequipAndRetake:осёл 1
Deep-saving destroyed thing Shuttle64155 with saveDestroyedThings==false. label=shipThing 
(Filename: C:\buildslave\unity\build\Runtime/Export/Debug/Debug.bindings.h Line: 39)

McKnight started 10 jobs in 10 ticks. List: отсутствует curDriver=JobDriver_Goto (toilIndex=0) curJob=(Goto (Job_675635) A=(0, 0, 85)) 
(Filename: C:\buildslave\unity\build\Runtime/Export/Debug/Debug.bindings.h Line: 39)

McKnight started 10 jobs in 10 ticks. List: отсутствует curDriver=JobDriver_Goto (toilIndex=0) curJob=(Goto (Job_675731) A=(0, 0, 84)) 
(Filename: C:\buildslave\unity\build\Runtime/Export/Debug/Debug.bindings.h Line: 39)

Goodman started 10 jobs in 10 ticks. List: отсутствует curDriver=JobDriver_Goto (toilIndex=0) curJob=(Goto (Job_675935) A=(0, 0, 83)) 
(Filename: C:\buildslave\unity\build\Runtime/Export/Debug/Debug.bindings.h Line: 39)

Deep-saving destroyed thing Shuttle64155 with saveDestroyedThings==false. label=shipThing 
(Filename: C:\buildslave\unity\build\Runtime/Export/Debug/Debug.bindings.h Line: 39)

Deep-saving destroyed thing Shuttle64155 with saveDestroyedThings==false. label=shipThing 
(Filename: C:\buildslave\unity\build\Runtime/Export/Debug/Debug.bindings.h Line: 39)

Setting up 3 worker threads for Enlighten.
  Thread -> id: 1f8c -> priority: 1 
  Thread -> id: 970 -> priority: 1 
  Thread -> id: 8c8 -> priority: 1 
