Mono path[0] = 'C:/Games/RimWorld/RimWorldWin64_Data/Managed'
Mono config path = 'C:/Games/RimWorld/MonoBleedingEdge/etc'
Initialize engine version: 2019.4.30f1 (e8c891080a1f)
[Subsystems] Discovering subsystems at path C:/Games/RimWorld/RimWorldWin64_Data/UnitySubsystems
GfxDevice: creating device client; threaded=1
Direct3D:
    Version:  Direct3D 11.0 [level 11.1]
    Renderer: NVIDIA GeForce GTX 1660 (ID=0x2184)
    Vendor:   
    VRAM:     5992 MB
    Driver:   30.0.15.1259
Begin MonoManager ReloadAssembly
- Completed reload, in  0.179 seconds
<RI> Initializing input.
<RI> Input initialized.
<RI> Initialized touch support.
UnloadTime: 0.882200 ms
RimWorld 1.3.3287 rev1379
Exception parsing latest version: System.FormatException: Input string was not in a correct format.
  at System.Number.StringToNumber (System.String str, System.Globalization.NumberStyles options, System.Number+NumberBuffer& number, System.Globalization.NumberFormatInfo info, System.Boolean parseDecimal) [0x00057] in <eae584ce26bc40229c1b1aa476bfa589>:0 
  at System.Number.ParseInt32 (System.String s, System.Globalization.NumberStyles style, System.Globalization.NumberFormatInfo info) [0x00013] in <eae584ce26bc40229c1b1aa476bfa589>:0 
  at System.Int32.Parse (System.String s, System.Globalization.NumberStyles style, System.IFormatProvider provider) [0x0000e] in <eae584ce26bc40229c1b1aa476bfa589>:0 
  at System.Convert.ToInt32 (System.String value, System.IFormatProvider provider) [0x00005] in <eae584ce26bc40229c1b1aa476bfa589>:0 
  at RimWorld.LatestVersionGetter+<Start>d__4.MoveNext () [0x000bf] in <8db1dbcd94b740f783db630681f0c358>:0  
(Filename: C:\buildslave\unity\build\Runtime/Export/Debug/Debug.bindings.h Line: 39)

Mod Simply More Bridges: targetVersion field is obsolete, use supportedVersions instead. 
(Filename: C:\buildslave\unity\build\Runtime/Export/Debug/Debug.bindings.h Line: 39)

Mod Simply More Bridges is missing supported versions list in About.xml! (example: <supportedVersions><li>1.0</li></supportedVersions>) 
(Filename: C:\buildslave\unity\build\Runtime/Export/Debug/Debug.bindings.h Line: 39)

Mod Simply More Bridges is missing packageId in About.xml! (example: <packageId>AuthorName.ModName.Specific</packageId>) 
(Filename: C:\buildslave\unity\build\Runtime/Export/Debug/Debug.bindings.h Line: 39)

Mod No Debris: targetVersion field is obsolete, use supportedVersions instead. 
(Filename: C:\buildslave\unity\build\Runtime/Export/Debug/Debug.bindings.h Line: 39)

Mod No Debris is missing supported versions list in About.xml! (example: <supportedVersions><li>1.0</li></supportedVersions>) 
(Filename: C:\buildslave\unity\build\Runtime/Export/Debug/Debug.bindings.h Line: 39)

Mod No Debris is missing packageId in About.xml! (example: <packageId>AuthorName.ModName.Specific</packageId>) 
(Filename: C:\buildslave\unity\build\Runtime/Export/Debug/Debug.bindings.h Line: 39)

Fallback handler could not load library C:/Games/RimWorld/RimWorldWin64_Data/Mono/data-00000234F6A76040.dll
Fallback handler could not load library C:/Games/RimWorld/RimWorldWin64_Data/Mono/data-00000234F621D120.dll
Fallback handler could not load library C:/Games/RimWorld/RimWorldWin64_Data/Mono/data-00000234D2FA31B0.dll
Fallback handler could not load library C:/Games/RimWorld/RimWorldWin64_Data/Mono/data-00000234F6C4D840.dll
Fallback handler could not load library C:/Games/RimWorld/RimWorldWin64_Data/Mono/data-00000234D2CB24B0.dll
Fallback handler could not load library C:/Games/RimWorld/RimWorldWin64_Data/Mono/data-00000234F6DFD010.dll
Fallback handler could not load library C:/Games/RimWorld/RimWorldWin64_Data/Mono/data-00000234F6E1DC40.dll
Fallback handler could not load library C:/Games/RimWorld/RimWorldWin64_Data/Mono/data-00000234F6E29650.dll
Fallback handler could not load library C:/Games/RimWorld/RimWorldWin64_Data/Mono/data-00000234F7CF23F0.dll
Fallback handler could not load library C:/Games/RimWorld/RimWorldWin64_Data/Mono/data-00000234F7D3DE10.dll
Fallback handler could not load library C:/Games/RimWorld/RimWorldWin64_Data/Mono/data-00000234F7D71E20.dll
Fallback handler could not load library C:/Games/RimWorld/RimWorldWin64_Data/Mono/data-00000234F7D92A30.dll
Fallback handler could not load library C:/Games/RimWorld/RimWorldWin64_Data/Mono/data-00000234F7DC0850.dll
Fallback handler could not load library C:/Games/RimWorld/RimWorldWin64_Data/Mono/data-00000234F7DD3870.dll
Fallback handler could not load library C:/Games/RimWorld/RimWorldWin64_Data/Mono/data-00000234F7DFCE90.dll
Fallback handler could not load library C:/Games/RimWorld/RimWorldWin64_Data/Mono/data-00000234F7E072B0.dll
Fallback handler could not load library C:/Games/RimWorld/RimWorldWin64_Data/Mono/data-00000234F7E43700.dll
Fallback handler could not load library C:/Games/RimWorld/RimWorldWin64_Data/Mono/data-00000234F7E48920.dll
Fallback handler could not load library C:/Games/RimWorld/RimWorldWin64_Data/Mono/data-00000234F7E63B50.dll
Fallback handler could not load library C:/Games/RimWorld/RimWorldWin64_Data/Mono/data-00000234F7E65570.dll
Fallback handler could not load library C:/Games/RimWorld/RimWorldWin64_Data/Mono/data-00000234F7E6E980.dll
Fallback handler could not load library C:/Games/RimWorld/RimWorldWin64_Data/Mono/data-00000234F7E9D9A0.dll
Fallback handler could not load library C:/Games/RimWorld/RimWorldWin64_Data/Mono/data-00000234F7EBE3F0.dll
Fallback handler could not load library C:/Games/RimWorld/RimWorldWin64_Data/Mono/data-00000234F7EC8A10.dll
Fallback handler could not load library C:/Games/RimWorld/RimWorldWin64_Data/Mono/data-00000234F7ED1A30.dll
Fallback handler could not load library C:/Games/RimWorld/RimWorldWin64_Data/Mono/data-00000234F7ED5A40.dll
Fallback handler could not load library C:/Games/RimWorld/RimWorldWin64_Data/Mono/data-00000234F7F41010.dll
Fallback handler could not load library C:/Games/RimWorld/RimWorldWin64_Data/Mono/data-00000234F7F5D030.dll
Fallback handler could not load library C:/Games/RimWorld/RimWorldWin64_Data/Mono/data-00000234F7F5EA40.dll
Fallback handler could not load library C:/Games/RimWorld/RimWorldWin64_Data/Mono/data-00000234F7F62250.dll
Fallback handler could not load library C:/Games/RimWorld/RimWorldWin64_Data/Mono/data-00000234F7F82270.dll
Fallback handler could not load library C:/Games/RimWorld/RimWorldWin64_Data/Mono/data-00000234F7F030B0.dll
Fallback handler could not load library C:/Games/RimWorld/RimWorldWin64_Data/Mono/data-00000234F7F96680.dll
Fallback handler could not load library C:/Games/RimWorld/RimWorldWin64_Data/Mono/data-00000234F7FA5AB0.dll
Fallback handler could not load library C:/Games/RimWorld/RimWorldWin64_Data/Mono/data-00000234F7FAB0D0.dll
Fallback handler could not load library C:/Games/RimWorld/RimWorldWin64_Data/Mono/data-00000234F7FAC6E0.dll
Fallback handler could not load library C:/Games/RimWorld/RimWorldWin64_Data/Mono/data-00000234F7FDCB20.dll
Fallback handler could not load library C:/Games/RimWorld/RimWorldWin64_Data/Mono/data-00000234F7FE5D30.dll
Fallback handler could not load library C:/Games/RimWorld/RimWorldWin64_Data/Mono/data-00000234F80DB010.dll
Fallback handler could not load library C:/Games/RimWorld/RimWorldWin64_Data/Mono/data-00000234F80DDC20.dll
Fallback handler could not load library C:/Games/RimWorld/RimWorldWin64_Data/Mono/data-00000234F8115840.dll
Fallback handler could not load library C:/Games/RimWorld/RimWorldWin64_Data/Mono/data-00000234F812C860.dll
Fallback handler could not load library C:/Games/RimWorld/RimWorldWin64_Data/Mono/data-00000234F8139A70.dll
Fallback handler could not load library C:/Games/RimWorld/RimWorldWin64_Data/Mono/data-00000234F8141A80.dll
Fallback handler could not load library C:/Games/RimWorld/RimWorldWin64_Data/Mono/data-00000234F81676C0.dll
Fallback handler could not load library C:/Games/RimWorld/RimWorldWin64_Data/Mono/data-00000234F817FCD0.dll
Fallback handler could not load library C:/Games/RimWorld/RimWorldWin64_Data/Mono/data-00000234F81928F0.dll
Fallback handler could not load library C:/Games/RimWorld/RimWorldWin64_Data/Mono/data-00000234F81DE130.dll
Fallback handler could not load library C:/Games/RimWorld/RimWorldWin64_Data/Mono/data-00000234F81E6B40.dll
Fallback handler could not load library C:/Games/RimWorld/RimWorldWin64_Data/Mono/data-00000234F81EAB50.dll
Fallback handler could not load library C:/Games/RimWorld/RimWorldWin64_Data/Mono/data-00000234F81F3B60.dll
Fallback handler could not load library C:/Games/RimWorld/RimWorldWin64_Data/Mono/data-00000234F81F8770.dll
Fallback handler could not load library C:/Games/RimWorld/RimWorldWin64_Data/Mono/data-00000234F81FA980.dll
Fallback handler could not load library C:/Games/RimWorld/RimWorldWin64_Data/Mono/data-00000234F81FF7A0.dll
Fallback handler could not load library C:/Games/RimWorld/RimWorldWin64_Data/Mono/data-00000234F82227C0.dll
Fallback handler could not load library C:/Games/RimWorld/RimWorldWin64_Data/Mono/data-00000234F8233DD0.dll
Fallback handler could not load library C:/Games/RimWorld/RimWorldWin64_Data/Mono/data-00000234F823A7F0.dll
Fallback handler could not load library C:/Games/RimWorld/RimWorldWin64_Data/Mono/data-00000234F8307A30.dll
Fallback handler could not load library C:/Games/RimWorld/RimWorldWin64_Data/Mono/data-00000234F830EA20.dll
Fallback handler could not load library C:/Games/RimWorld/RimWorldWin64_Data/Mono/data-00000234F8315C30.dll
Fallback handler could not load library C:/Games/RimWorld/RimWorldWin64_Data/Mono/data-00000234F831C050.dll
Fallback handler could not load library C:/Games/RimWorld/RimWorldWin64_Data/Mono/data-00000234F8322460.dll
Fallback handler could not load library C:/Games/RimWorld/RimWorldWin64_Data/Mono/data-00000234F8328E70.dll
Fallback handler could not load library C:/Games/RimWorld/RimWorldWin64_Data/Mono/data-00000234F8341A90.dll
Fallback handler could not load library C:/Games/RimWorld/RimWorldWin64_Data/Mono/data-00000234F8364CB0.dll
Fallback handler could not load library C:/Games/RimWorld/RimWorldWin64_Data/Mono/data-00000234F836F6C0.dll
Fallback handler could not load library C:/Games/RimWorld/RimWorldWin64_Data/Mono/data-00000234F83C7010.dll
Fallback handler could not load library C:/Games/RimWorld/RimWorldWin64_Data/Mono/data-00000234F83CD630.dll
Fallback handler could not load library C:/Games/RimWorld/RimWorldWin64_Data/Mono/data-00000234F84B0E60.dll
Fallback handler could not load library C:/Games/RimWorld/RimWorldWin64_Data/Mono/data-00000234F84B2A70.dll
Fallback handler could not load library C:/Games/RimWorld/RimWorldWin64_Data/Mono/data-00000234F84B4880.dll
Fallback handler could not load library C:/Games/RimWorld/RimWorldWin64_Data/Mono/data-00000234F84B9690.dll
Fallback handler could not load library C:/Games/RimWorld/RimWorldWin64_Data/Mono/data-00000234F84CF8B0.dll
Fallback handler could not load library C:/Games/RimWorld/RimWorldWin64_Data/Mono/data-00000234F84FACE0.dll
Fallback handler could not load library C:/Games/RimWorld/RimWorldWin64_Data/Mono/data-00000234F85D0110.dll
Fallback handler could not load library C:/Games/RimWorld/RimWorldWin64_Data/Mono/data-00000234F86C2340.dll
Fallback handler could not load library C:/Games/RimWorld/RimWorldWin64_Data/Mono/data-00000234F86E2020.dll
Fallback handler could not load library C:/Games/RimWorld/RimWorldWin64_Data/Mono/data-00000234F86ED630.dll
Fallback handler could not load library C:/Games/RimWorld/RimWorldWin64_Data/Mono/data-00000234F86F0040.dll
Fallback handler could not load library C:/Games/RimWorld/RimWorldWin64_Data/Mono/data-00000234F86F1E50.dll
Fallback handler could not load library C:/Games/RimWorld/RimWorldWin64_Data/Mono/data-00000234F86F5260.dll
Fallback handler could not load library C:/Games/RimWorld/RimWorldWin64_Data/Mono/data-00000234F871F690.dll
Fallback handler could not load library C:/Games/RimWorld/RimWorldWin64_Data/Mono/data-00000234F872DB30.dll
Fallback handler could not load library C:/Games/RimWorld/RimWorldWin64_Data/Mono/data-00000234F880CAE0.dll
Fallback handler could not load library C:/Games/RimWorld/RimWorldWin64_Data/Mono/data-00000234F88E9D20.dll
Fallback handler could not load library C:/Games/RimWorld/RimWorldWin64_Data/Mono/data-00000234F8911340.dll
Fallback handler could not load library C:/Games/RimWorld/RimWorldWin64_Data/Mono/data-00000234F8913150.dll
Fallback handler could not load library C:/Games/RimWorld/RimWorldWin64_Data/Mono/data-00000234F8919370.dll
Fallback handler could not load library C:/Games/RimWorld/RimWorldWin64_Data/Mono/data-00000234F891C580.dll
Fallback handler could not load library C:/Games/RimWorld/RimWorldWin64_Data/Mono/data-00000234F8924BA0.dll
Fallback handler could not load library C:/Games/RimWorld/RimWorldWin64_Data/Mono/data-00000234F83A5230.dll
Fallback handler could not load library C:/Games/RimWorld/RimWorldWin64_Data/Mono/data-00000234F893D1C0.dll
Fallback handler could not load library C:/Games/RimWorld/RimWorldWin64_Data/Mono/data-00000234F8955BE0.dll
Fallback handler could not load library C:/Games/RimWorld/RimWorldWin64_Data/Mono/data-00000234F8A1E600.dll
Fallback handler could not load library C:/Games/RimWorld/RimWorldWin64_Data/Mono/data-00000234F8A42020.dll
Fallback handler could not load library C:/Games/RimWorld/RimWorldWin64_Data/Mono/data-00000234F8A4A230.dll
Fallback handler could not load library C:/Games/RimWorld/RimWorldWin64_Data/Mono/data-00000234F8A58A60.dll
Fallback handler could not load library C:/Games/RimWorld/RimWorldWin64_Data/Mono/data-00000234F8A5BA70.dll
Fallback handler could not load library C:/Games/RimWorld/RimWorldWin64_Data/Mono/data-00000234F8A5CC80.dll
Fallback handler could not load library C:/Games/RimWorld/RimWorldWin64_Data/Mono/data-00000234F8A60C90.dll
Fallback handler could not load library C:/Games/RimWorld/RimWorldWin64_Data/Mono/data-00000234F8B13EB0.dll
Fallback handler could not load library C:/Games/RimWorld/RimWorldWin64_Data/Mono/data-00000234F8B162C0.dll
Fallback handler could not load library C:/Games/RimWorld/RimWorldWin64_Data/Mono/data-00000234F8B1A0D0.dll
Fallback handler could not load library C:/Games/RimWorld/RimWorldWin64_Data/Mono/data-00000234F8B1E4F0.dll
Fallback handler could not load library C:/Games/RimWorld/RimWorldWin64_Data/Mono/data-00000234F8C25290.dll
Fallback handler could not load library C:/Games/RimWorld/RimWorldWin64_Data/Mono/data-00000234F8B41330.dll
Fallback handler could not load library C:/Games/RimWorld/RimWorldWin64_Data/Mono/data-00000234F8C264A0.dll
Fallback handler could not load library C:/Games/RimWorld/RimWorldWin64_Data/Mono/data-00000234F8CF86D0.dll
Fallback handler could not load library C:/Games/RimWorld/RimWorldWin64_Data/Mono/data-00000234F8B5A340.dll
Fallback handler could not load library C:/Games/RimWorld/RimWorldWin64_Data/Mono/data-00000234F8D30500.dll
Fallback handler could not load library C:/Games/RimWorld/RimWorldWin64_Data/Mono/data-00000234F8D4E520.dll
Fallback handler could not load library C:/Games/RimWorld/RimWorldWin64_Data/Mono/data-00000234F8D51F30.dll
Fallback handler could not load library C:/Games/RimWorld/RimWorldWin64_Data/Mono/data-00000234F8E96C30.dll
Fallback handler could not load library C:/Games/RimWorld/RimWorldWin64_Data/Mono/data-00000234F8E9BC40.dll
Fallback handler could not load library C:/Games/RimWorld/RimWorldWin64_Data/Mono/data-00000234F8EA2C60.dll
Fallback handler could not load library C:/Games/RimWorld/RimWorldWin64_Data/Mono/data-00000234F8EA5C70.dll
Fallback handler could not load library C:/Games/RimWorld/RimWorldWin64_Data/Mono/data-00000234F8F77A90.dll
Fallback handler could not load library C:/Games/RimWorld/RimWorldWin64_Data/Mono/data-00000234F8FAE4B0.dll
Fallback handler could not load library C:/Games/RimWorld/RimWorldWin64_Data/Mono/data-00000234F8FB5CC0.dll
Fallback handler could not load library C:/Games/RimWorld/RimWorldWin64_Data/Mono/data-00000234F90938F0.dll
Fallback handler could not load library C:/Games/RimWorld/RimWorldWin64_Data/Mono/data-00000234F9099700.dll
Fallback handler could not load library C:/Games/RimWorld/RimWorldWin64_Data/Mono/data-00000234F909E920.dll
Fallback handler could not load library C:/Games/RimWorld/RimWorldWin64_Data/Mono/data-00000234F9178F50.dll
Fallback handler could not load library C:/Games/RimWorld/RimWorldWin64_Data/Mono/data-00000234F9181560.dll
Fallback handler could not load library C:/Games/RimWorld/RimWorldWin64_Data/Mono/data-00000234F8726300.dll
Fallback handler could not load library C:/Games/RimWorld/RimWorldWin64_Data/Mono/data-00000234F918BF80.dll
Fallback handler could not load library C:/Games/RimWorld/RimWorldWin64_Data/Mono/data-00000234F92AE050.dll
Fallback handler could not load library C:/Games/RimWorld/RimWorldWin64_Data/Mono/data-00000234F9473140.dll
Fallback handler could not load library C:/Games/RimWorld/RimWorldWin64_Data/Mono/data-00000234F94EB030.dll
Fallback handler could not load library C:/Games/RimWorld/RimWorldWin64_Data/Mono/data-00000234F9B27BF0.dll
[HugsLib] version 9.0.1
[HugsLib] early-initializing AllowTool
<color=green>Rim73 Compatibility</color> > Added compatibility with SmartSpeed
Rim73 1.4a Initialized
[RuntimeGC] Mod settings loaded.
Repairable Gear :: initialized
[VanillaAchievementsExpanded] version 1.3.7862
[CM_Prioritize_Research] - patching to allow research prioritizing.
Loaded What's That Mod.
[CM_Prioritize_Research] - patching to allow research prioritizing.
DubsMintMenus v1.3.995
[CM_Prioritize_Research] - patching to allow research prioritizing.
Key binding conflict: MainTab_MedicalTab and Misc7 are both bound to M. 
(Filename: C:\buildslave\unity\build\Runtime/Export/Debug/Debug.bindings.h Line: 39)

Key binding conflict: Misc7 and MainTab_MedicalTab are both bound to M. 
(Filename: C:\buildslave\unity\build\Runtime/Export/Debug/Debug.bindings.h Line: 39)

Translation data for language Russian / Русский has 56 errors. Generate translation report for more info. 
(Filename: C:\buildslave\unity\build\Runtime/Export/Debug/Debug.bindings.h Line: 39)

EnhancedDevelopment.Embrasures.Patcher(): Starting.
EnhancedDevelopment.Embrasures.ApplyPatchIfRequired: Skipping Applying Patch: Embrasures
EnhancedDevelopment.Embrasures.Patcher(): Complete.
Alien race successfully completed 180 patches with harmony.
[CM_Prioritize_Research] - patching to allow research prioritizing.
Medical Tab :: Tag Tongue is not associated with any pawnCapacity. This may be intentional. For modders; if the tag defName contains the capacity defName the two will be linked. 
(Filename: C:\buildslave\unity\build\Runtime/Export/Debug/Debug.bindings.h Line: 39)

[GLF] Applying compatibility patches for MapReroll.
<color=orange>[CSG]</color> Symbols Creator Started.
<color=orange>[CSG]</color> Created 10821 symbolDefs for 3 mods. Took 00.02s.
Rim73 cached 163 heddifs.
<color=blue>Optimization: Meats - C# Edition</color>: Mod version: 1.2.4h for RimWorld version: 1.3
<color=blue>Optimization: Meats - C# Edition</color>: Vanilla Fishing Expanded Detected!
<color=blue>Optimization: Meats - C# Edition</color>: <color=red>51</color> meat defs have been removed from the game. Elapsed Time: 0.01sec
Damage Indicators initialized.
[CMColorCodedMoodBar] CMColorCodedMoodBar 1.3.3136.1 initialized
More Vanilla Biomes initialized
[ShowDrafteesWeapon] Initialized
[RimHUD v1.9.1] Initialized
Wall Light: v1.3.7890.36463
PickUpAndHaul v0.1.3.2⅔ welcomes you to RimWorld with pointless logspam.
CharacterEditor v1.3.842 initializing...
updating labels for russian / русский...
loading/updating slots...
loading/updating customs...
instance created
allowing apparel to be colorable...
checking editor settings...
CharacterEditor v1.3.842 ...done
[AllowTool] Applied compatibility patch for "Pick Up And Haul"
[ModMetaDataCleaner] Removed 1 Metadata and cleaned 119 PreviewImage.
Removed: Simply More Bridges
Cleaned: Harmony, No Debris, Camera+, Humanoid Alien Races, HugsLib, Allow Tool, Map Reroll, Defensive Positions, Achtung!, More Trade Ships, Work Tab, ED-Embrasures, Medical Tab, Geological Landforms, Русский язык для Vanilla Factions Expanded - Ancients, Vanilla Factions Expanded - Ancients, Rim73 - Performance and Optimisations, RuntimeGC [1.3], [Rus] Age Matters 2.0, Ideology Russian Translation, Optimization: Meats - C# Edition, Repairable Gear, No Lazy Doctors, Vanilla Fishing Expanded - Fishing Treasures AddOn, Vanilla Social Interactions Expanded, Animal Controls, Destroy Item, Quality Colors, Injured Carry, Do Your F****** Research, ResearchPal - Forked, Quest Reward Rebalance, Vanilla Traits Expanded, Age Matters 2.0 [1.2+], ReGrowth Remastered: Core, Vanilla Expanded - Royalty Patches, CaveworldFlora (Continued), What's That Mod, Smarter Construction, ModDiff, Dune (Continued), Русский язык для Vanilla Events Expanded, Dismiss Trader (Continued), Vanilla Furniture Expanded - Power, Bulk Smelting, Auto links, Automatic Night Owl, Seasonal Weather (Continued), Cybernetic Organism and Neural Network, Expanded Incidents (Continued), Dubs Performance Analyzer, Gunplay, Compact Hediffs, Vanilla Expanded Framework, Stabilize, Bulk Stonecutting, Room Size Tolerance, Vanilla Textures Expanded, Damage Indicators [1.3], PawnTargetFix, Realistic Human Sounds (Continued), Silent Doors (Continued), No Healing Emotes, No ZzZ, Quarry, [Ry]Draw a bead, CM Color Coded Mood Bar [1.1+], Trade Ships Drop Spot, Vanilla Furniture Expanded - Farming, Begone, Message!, Vanilla Events Expanded, More Vanilla Biomes, No Burn Metal, Vanilla Fishing Expanded, Power Tab, Auto-Cut Blight, Vanilla Furniture Expanded - Production, Deep Stack, Character Editor, Vanilla Furniture Expanded - Security, Simple Search Bar, Vanilla Weapons Expanded, More Than Capable, No Random Relations, Trait Rarity Colors, Mortar Accuracy, Vanilla Furniture Expanded - Medical Module, Vanilla Furniture Expanded, DontBlockDoor, Show Draftees Weapon, Bionic icons, Dual Wield, [WD] Partially-Passable Wind Turbines, LWM's Deep Storage, [WD] Soil Contrast, Common Sense, Crafting Quality Rebalanced, Removable Mt.Rock Roof Patche, Where is my weapon?, Cut plants before building, RaiderInfo, RimHUD, [KV] More Trait Slots, [KV] Consolidated Traits, Smart Speed, OgreStack, Dubs Mint Menus, Wall Light, Replace Stuff, Snap Out!, Fixable Mood Debuffs Alert, Pick Up And Haul, RunAndGun, Architect Icons, My Little Planet, Animals Logic, Royalty, Ideology, Core
[RuntimeGC] Detour completed: MuteGC
ResearchPal :: Research layout initialized
  --> [What's That Mod] Took 0.15 seconds to scan all patches. <--
What's That Mod: Wrote to 2305 mod descriptions, 30 patched defs resolved.
What's That Mod took 170 milliseconds to generate all def descriptions.
[HugsLib] initializing MapReroll, DefensivePositions, Troopersmith1.AgeMatters, Linkolas.Stabilize, DeepStack, Roolo.DualWield, LWM_DeepStorage, RunAndGun
[HugsLib][warn] Missing enum setting labels for enum MapReroll.MapRerollController+MapGeneratorMode 
(Filename: C:\buildslave\unity\build\Runtime/Export/Debug/Debug.bindings.h Line: 39)

[OgreStack]: Modify Stack Sizes Complete
Unloading 5 Unused Serialized files (Serialized files now loaded: 3)
UnloadTime: 0.587100 ms
Exception parsing latest version: System.FormatException: Input string was not in a correct format.
  at System.Number.StringToNumber (System.String str, System.Globalization.NumberStyles options, System.Number+NumberBuffer& number, System.Globalization.NumberFormatInfo info, System.Boolean parseDecimal) [0x00057] in <eae584ce26bc40229c1b1aa476bfa589>:0 
  at System.Number.ParseInt32 (System.String s, System.Globalization.NumberStyles style, System.Globalization.NumberFormatInfo info) [0x00013] in <eae584ce26bc40229c1b1aa476bfa589>:0 
  at System.Int32.Parse (System.String s, System.Globalization.NumberStyles style, System.IFormatProvider provider) [0x0000e] in <eae584ce26bc40229c1b1aa476bfa589>:0 
  at System.Convert.ToInt32 (System.String value, System.IFormatProvider provider) [0x00005] in <eae584ce26bc40229c1b1aa476bfa589>:0 
  at RimWorld.LatestVersionGetter+<Start>d__4.MoveNext () [0x000bf] in <8db1dbcd94b740f783db630681f0c358>:0  
(Filename: C:\buildslave\unity\build\Runtime/Export/Debug/Debug.bindings.h Line: 39)


Unloading 276 unused Assets to reduce memory usage. Loaded Objects now: 24283.
Total: 235.200400 ms (FindLiveObjects: 1.847300 ms CreateObjectMapping: 1.864600 ms MarkObjects: 229.341900 ms  DeleteObjects: 2.144100 ms)

Loading game from file 0000 with mods:
  - brrainz.harmony
  - Ludeon.RimWorld
  - Ludeon.RimWorld.Royalty
  - Ludeon.RimWorld.Ideology
  - Storm982.NoHDebris
  - PinoChemicali.MoreTradeShips
  - Jaxxa.ED.Embrasures
  - fuglypump.bulkstonecutting
  - Compilatron.PowerTab
  - gguake.ui.simplesearchbar
  - Bar0th.NoRandomRelations
  - brrainz.cameraplus
  - erdelf.HumanoidAlienRaces
  - UnlimitedHugs.HugsLib
  - UnlimitedHugs.AllowTool
  - UnlimitedHugs.MapReroll
  - UnlimitedHugs.DefensivePositions
  - brrainz.achtung
  - Fluffy.WorkTab
  - Fluffy.MedicalTab
  - m00nl1ght.GeologicalLandforms
  - OskarPotocki.VanillaFactionsExpanded.Core
  - VanillaExpanded.VFEA
  - RU.VFE.Ancients
  - GhostRolly.Rim73
  - trinity.RuntimeGCupdated
  - Rus.AgeMatters2.0
  - Davyd.Translation.Ideology
  - seohyeon.OptimizationMeats
  - SteveZero.RepairableGear
  - JBloodthorn.NoLazyDoctors
  - VanillaExpanded.VCEF
  - VanillaExpanded.VCEFAddon
  - VanillaExpanded.VanillaSocialInteractionsExpanded
  - avilmask.AnimalControls
  - Garwel.DestroyItem
  - legodude17.qualcolor
  - Haecriver.InjuredCarry
  - CaptainMuscles.PrioritizeResearch
  - VinaLx.ResearchPalForked
  - SGC.quests
  - VanillaExpanded.VanillaTraitsExpanded
  - Troopersmith1.AgeMatters
  - ReGrowth.BOTR.Core
  - OskarPotocki.VanillaExpanded.RoyaltyPatches
  - Mlie.CaveworldFlora
  - co.uk.epicguru.whatsthatmod
  - dhultgren.smarterconstruction
  - name.krypt.rimworld.moddiff
  - VanillaExpanded.VEE
  - RU.VanillaExpanded.VEE
  - Mlie.DismissTrader
  - VanillaExpanded.VFEPower
  - neceros.bulksmelting
  - automatic.autolinks
  - ben.automaticnightowl
  - Mlie.SeasonalWeather
  - kikohi.cybernetic
  - Mlie.ExpandedIncidents
  - Dubwise.DubsPerformanceAnalyzer
  - automatic.gunplay
  - PeteTimesSix.CompactHediffs
  - Linkolas.Stabilize
  - neceros.roomsizetolerance
  - VanillaExpanded.VTEXE
  - CaesarV6.DamageIndicators
  - fed1sPlay.PawnTargetFix
  - Mlie.RealisticHumanSounds
  - Mlie.SilentDoors
  - SquirtingElephant.NoHealingEmotes
  - SquirtingElephant.NoZZZ
  - Ogliss.TheWhiteCrayon.Quarry
  - Ryflamer.Misc.Drawabead
  - CrashM.ColorCodedMoodBar.11
  - smashphil.dropspot
  - VanillaExpanded.VFEFarming
  - lbmaian.begonemessage
  - zylle.MoreVanillaBiomes
  - Unon.NoBurnMetal
  - razor2.3.AnotherRimworldMod.AutoCutBlight
  - VanillaExpanded.VFEProduction
  - void.deepstack
  - void.charactereditor
  - VanillaExpanded.VFESecurity
  - VanillaExpanded.VWE
  - notfood.MoreThanCapable
  - CarnySenpai.TraitRarityColors
  - hobtook.mortaraccuracy
  - VanillaExpanded.VFEMedical
  - VanillaExpanded.VFECore
  - tikubonn.DontBlockDoor
  - targhetti.ShowDrafteesWeapon
  - automatic.bionicicons
  - Roolo.DualWield
  - Wemd.PartiallyPassableWindTurbines
  - LWM.DeepStorage
  - Wemd.SoilContrast
  - avilmask.CommonSense
  - phomor.CraftingQualityRebalanced
  - Proxyer.RemovableMtRockRoofPatche
  - tammybee.whereismyweapon
  - tammybee.cutplantsbeforebuilding
  - tammybee.raiderinfo
  - Jaxe.RimHUD
  - moretraitslots.kv.rw
  - consolidatedtraits.kv.rw
  - sarg.smartspeed
  - Ogre.OgreStack
  - Dubwise.DubsMintMenus
  - Murmur.WallLight
  - Uuugggg.ReplaceStuff
  - weilbyte.snapout
  - fyarn.FixableMoodDebuffsAlert
  - Mehni.PickUpAndHaul
  - roolo.RunAndGun
  - com.bymarcin.ArchitectIcons
  - Oblitus.MyLittlePlanet
  - Oblitus.AnimalsLogic
  - Mlie.Dune
Achtung v3.4.4.0 Info: To make Achtung log some performance info, create an empty 'AchtungPerformance.txt' file in same directory as Player.log
Expanded Incident - Settings loaded
Could not resolve reference to object with loadID Faction_14 of type RimWorld.Faction. Was it compressed away, destroyed, had no ID number, or not saved/loaded right? curParent=VanillaStorytellersExpanded.RaidGroup curPathRelToParent= 
(Filename: C:\buildslave\unity\build\Runtime/Export/Debug/Debug.bindings.h Line: 39)

Could not resolve reference to object with loadID Faction_14 of type RimWorld.Faction. Was it compressed away, destroyed, had no ID number, or not saved/loaded right? curParent=VanillaSocialInteractionsExpanded.RaidGroup curPathRelToParent= 
(Filename: C:\buildslave\unity\build\Runtime/Export/Debug/Debug.bindings.h Line: 39)

checking editor settings...
Rim73 > Loaded new game, resetting caching variables 
(Filename: C:\buildslave\unity\build\Runtime/Export/Debug/Debug.bindings.h Line: 39)

Unloading 0 Unused Serialized files (Serialized files now loaded: 3)

Unloading 0 unused Assets to reduce memory usage. Loaded Objects now: 28654.
Total: 283.112300 ms (FindLiveObjects: 1.284900 ms CreateObjectMapping: 2.035200 ms MarkObjects: 279.475200 ms  DeleteObjects: 0.316200 ms)

[AllowTool] Adjusted work type priority of FinishingOff for pawns:
Bret:0->3
reinnited 
(Filename: C:\buildslave\unity\build\Runtime/Export/Debug/Debug.bindings.h Line: 39)

reinnited 
(Filename: C:\buildslave\unity\build\Runtime/Export/Debug/Debug.bindings.h Line: 39)

reinnited 
(Filename: C:\buildslave\unity\build\Runtime/Export/Debug/Debug.bindings.h Line: 39)

Dee pathing from (128, 0, 114) to Thing_ChunkSlagSteel48676 ran out of cells to process.
Job:HaulToInventory (Job_288163) A=Thing_ChunkSlagSteel48676 B=(142, 0, 122)
Faction: Covans 
(Filename: C:\buildslave\unity\build\Runtime/Export/Debug/Debug.bindings.h Line: 39)

reinnited 
(Filename: C:\buildslave\unity\build\Runtime/Export/Debug/Debug.bindings.h Line: 39)

Dee tried to place hauled thing in container but is not hauling anything. 
(Filename: C:\buildslave\unity\build\Runtime/Export/Debug/Debug.bindings.h Line: 39)

Dee tried to place hauled thing in container but is not hauling anything. 
(Filename: C:\buildslave\unity\build\Runtime/Export/Debug/Debug.bindings.h Line: 39)

Dee tried to place hauled thing in container but is not hauling anything. 
(Filename: C:\buildslave\unity\build\Runtime/Export/Debug/Debug.bindings.h Line: 39)

Bret tried to place hauled thing in container but is not hauling anything. 
(Filename: C:\buildslave\unity\build\Runtime/Export/Debug/Debug.bindings.h Line: 39)

ReequipAndRetake:Caskey, Лекарка
Dee pathing from (104, 0, 76) to (125, 0, 91) ran out of cells to process.
Job:Hunt (Job_316335) A=Thing_Corpse_Turkey51224 B=(125, 0, 91)
Faction: Covans 
(Filename: C:\buildslave\unity\build\Runtime/Export/Debug/Debug.bindings.h Line: 39)

Dee pathing from (104, 0, 76) to (125, 0, 91) ran out of cells to process.
Job:HaulToCell (Job_319726) A=Thing_Corpse_Turkey51224 B=(125, 0, 91)
Faction: Covans 
(Filename: C:\buildslave\unity\build\Runtime/Export/Debug/Debug.bindings.h Line: 39)

Dee pathing from (104, 0, 76) to (125, 0, 91) ran out of cells to process.
Job:HaulToCell (Job_320174) A=Thing_Corpse_Turkey51224 B=(125, 0, 91)
Faction: Covans 
(Filename: C:\buildslave\unity\build\Runtime/Export/Debug/Debug.bindings.h Line: 39)

Dee pathing from (104, 0, 76) to (125, 0, 91) ran out of cells to process.
Job:HaulToCell (Job_320266) A=Thing_Corpse_Turkey51224 B=(125, 0, 91)
Faction: Covans 
(Filename: C:\buildslave\unity\build\Runtime/Export/Debug/Debug.bindings.h Line: 39)

Dee pathing from (104, 0, 76) to (125, 0, 91) ran out of cells to process.
Job:HaulToCell (Job_320301) A=Thing_Corpse_Turkey51224 B=(125, 0, 91)
Faction: Covans 
(Filename: C:\buildslave\unity\build\Runtime/Export/Debug/Debug.bindings.h Line: 39)

Dee pathing from (104, 0, 76) to (125, 0, 91) ran out of cells to process.
Job:HaulToCell (Job_320423) A=Thing_Corpse_Turkey51224 B=(125, 0, 91)
Faction: Covans 
(Filename: C:\buildslave\unity\build\Runtime/Export/Debug/Debug.bindings.h Line: 39)

Dee pathing from (104, 0, 76) to (125, 0, 91) ran out of cells to process.
Job:HaulToCell (Job_320515) A=Thing_Corpse_Turkey51224 B=(125, 0, 91)
Faction: Covans 
(Filename: C:\buildslave\unity\build\Runtime/Export/Debug/Debug.bindings.h Line: 39)

Dee pathing from (104, 0, 76) to (125, 0, 91) ran out of cells to process.
Job:HaulToCell (Job_320614) A=Thing_Corpse_Turkey51224 B=(125, 0, 91)
Faction: Covans 
(Filename: C:\buildslave\unity\build\Runtime/Export/Debug/Debug.bindings.h Line: 39)

Dee pathing from (104, 0, 76) to (125, 0, 91) ran out of cells to process.
Job:HaulToCell (Job_320711) A=Thing_Corpse_Turkey51224 B=(125, 0, 91)
Faction: Covans 
(Filename: C:\buildslave\unity\build\Runtime/Export/Debug/Debug.bindings.h Line: 39)

Dee pathing from (104, 0, 76) to (125, 0, 91) ran out of cells to process.
Job:HaulToCell (Job_320862) A=Thing_Corpse_Turkey51224 B=(125, 0, 91)
Faction: Covans 
(Filename: C:\buildslave\unity\build\Runtime/Export/Debug/Debug.bindings.h Line: 39)

reinnited 
(Filename: C:\buildslave\unity\build\Runtime/Export/Debug/Debug.bindings.h Line: 39)

Bret tried to place hauled thing in container but is not hauling anything. 
(Filename: C:\buildslave\unity\build\Runtime/Export/Debug/Debug.bindings.h Line: 39)

Bret tried to place hauled thing in container but is not hauling anything. 
(Filename: C:\buildslave\unity\build\Runtime/Export/Debug/Debug.bindings.h Line: 39)

Bret tried to place hauled thing in container but is not hauling anything. 
(Filename: C:\buildslave\unity\build\Runtime/Export/Debug/Debug.bindings.h Line: 39)

Bret tried to place hauled thing in container but is not hauling anything. 
(Filename: C:\buildslave\unity\build\Runtime/Export/Debug/Debug.bindings.h Line: 39)

reinnited 
(Filename: C:\buildslave\unity\build\Runtime/Export/Debug/Debug.bindings.h Line: 39)

ReequipAndRetake:рысь
Setting up 3 worker threads for Enlighten.
  Thread -> id: 1b8c -> priority: 1 
  Thread -> id: 6f0 -> priority: 1 
  Thread -> id: dec -> priority: 1 
